#-----------------------------------------------------------
# Vivado v2015.2 (64-bit)
# SW Build 1266856 on Fri Jun 26 16:35:25 MDT 2015
# IP Build 1264090 on Wed Jun 24 14:22:01 MDT 2015
# Start of session at: Tue May 23 14:30:34 2017
# Process ID: 308
# Log file: D:/multi-CPU/vivado.log
# Journal file: D:/multi-CPU\vivado.jou
#-----------------------------------------------------------
start_gui
open_project D:/multi-CPU/CPU.xpr
Scanning sources...
Finished scanning sources
INFO: [IP_Flow 19-234] Refreshing IP repositories
INFO: [IP_Flow 19-1704] No user IP repositories specified
INFO: [IP_Flow 19-2313] Loaded Vivado IP repository 'F:/Xilinx_Vivado_SDK_2015.2_0626_1/installed/Vivado/2015.2/data/ip'.
open_project: Time (s): cpu = 00:00:16 ; elapsed = 00:00:16 . Memory (MB): peak = 668.289 ; gain = 94.867
launch_runs impl_1
[Tue May 23 15:00:00 2017] Launched synth_1...
Run output will be captured here: D:/multi-CPU/CPU.runs/synth_1/runme.log
[Tue May 23 15:00:00 2017] Launched impl_1...
Run output will be captured here: D:/multi-CPU/CPU.runs/impl_1/runme.log
exit
INFO: [Common 17-206] Exiting Vivado at Tue May 23 17:25:36 2017...
