#-----------------------------------------------------------
# Vivado v2015.2 (64-bit)
# SW Build 1266856 on Fri Jun 26 16:35:25 MDT 2015
# IP Build 1264090 on Wed Jun 24 14:22:01 MDT 2015
# Start of session at: Thu Apr 27 16:08:14 2017
# Process ID: 16524
# Log file: D:/CPU/vivado.log
# Journal file: D:/CPU\vivado.jou
#-----------------------------------------------------------
start_gui
open_project D:/CPU/CPU.xpr
Scanning sources...
Finished scanning sources
INFO: [IP_Flow 19-234] Refreshing IP repositories
INFO: [IP_Flow 19-1704] No user IP repositories specified
INFO: [IP_Flow 19-2313] Loaded Vivado IP repository 'F:/Xilinx_Vivado_SDK_2015.2_0626_1/installed/Vivado/2015.2/data/ip'.
open_project: Time (s): cpu = 00:00:16 ; elapsed = 00:00:17 . Memory (MB): peak = 652.547 ; gain = 93.641
launch_simulation
INFO: [USF-XSim-27] Simulation object is 'sim_1'
INFO: [USF-XSim-37] Inspecting design source files for 'CPU_sim' in fileset 'sim_1'...
INFO: [USF-XSim-97] Finding global include files...
INFO: [USF-XSim-98] Fetching design files from 'sim_1'...
INFO: [USF-XSim-2] XSim::Compile design
INFO: [USF-XSim-61] Executing 'COMPILE' step in 'D:/CPU/CPU.sim/sim_1/behav'
"xvlog -m64 --relax -prj CPU_sim_vlog.prj"
INFO: [VRFC 10-2263] Analyzing Verilog file "D:/CPU/CPU.srcs/sources_1/new/RAM.v" into library xil_defaultlib
INFO: [VRFC 10-311] analyzing module RAM
INFO: [VRFC 10-2263] Analyzing Verilog file "D:/CPU/CPU.srcs/sources_1/new/Regfile.v" into library xil_defaultlib
INFO: [VRFC 10-311] analyzing module Regfile
INFO: [VRFC 10-2263] Analyzing Verilog file "D:/CPU/CPU.srcs/sources_1/new/PC.v" into library xil_defaultlib
INFO: [VRFC 10-311] analyzing module PC
INFO: [VRFC 10-2263] Analyzing Verilog file "D:/CPU/CPU.srcs/sources_1/new/NextPC.v" into library xil_defaultlib
INFO: [VRFC 10-311] analyzing module NextPC
INFO: [VRFC 10-2263] Analyzing Verilog file "D:/CPU/CPU.srcs/sources_1/new/InsMem.v" into library xil_defaultlib
INFO: [VRFC 10-311] analyzing module InsMem
INFO: [VRFC 10-2263] Analyzing Verilog file "D:/CPU/CPU.srcs/sources_1/new/Extend.v" into library xil_defaultlib
INFO: [VRFC 10-311] analyzing module Extend
INFO: [VRFC 10-2263] Analyzing Verilog file "D:/CPU/CPU.srcs/sources_1/new/ALU.v" into library xil_defaultlib
INFO: [VRFC 10-311] analyzing module ALU
INFO: [VRFC 10-2263] Analyzing Verilog file "D:/CPU/CPU.srcs/sources_1/new/CU.v" into library xil_defaultlib
INFO: [VRFC 10-311] analyzing module CU
INFO: [VRFC 10-2263] Analyzing Verilog file "D:/CPU/CPU.srcs/sources_1/new/CPU.v" into library xil_defaultlib
INFO: [VRFC 10-311] analyzing module CPU
INFO: [VRFC 10-2263] Analyzing Verilog file "D:/CPU/CPU.srcs/sources_1/new/CPU_sim.v" into library xil_defaultlib
INFO: [VRFC 10-311] analyzing module CPU_sim
INFO: [VRFC 10-2263] Analyzing Verilog file "D:/CPU/CPU.sim/sim_1/behav/glbl.v" into library xil_defaultlib
INFO: [VRFC 10-311] analyzing module glbl
INFO: [USF-XSim-3] XSim::Elaborate design
INFO: [USF-XSim-61] Executing 'ELABORATE' step in 'D:/CPU/CPU.sim/sim_1/behav'
Vivado Simulator 2015.2
Copyright 1986-1999, 2001-2015 Xilinx, Inc. All Rights Reserved.
Running: F:/Xilinx_Vivado_SDK_2015.2_0626_1/installed/Vivado/2015.2/bin/unwrapped/win64.o/xelab.exe -wto d73a359c4072432ea3aa0df8763a960b --debug typical --relax --mt 2 -L xil_defaultlib -L unisims_ver -L unimacro_ver -L secureip --snapshot CPU_sim_behav xil_defaultlib.CPU_sim xil_defaultlib.glbl -log elaborate.log 
Using 2 slave threads.
WARNING: [XSIM 43-3431] One or more environment variables have been detected which affect the operation of the C compiler. These are typically not set in standard installations and are not tested by Xilinx, however they may be appropriate for your system, so the flow will attempt to continue.  If errors occur, try running fuse with the "-mt off -v 1" switches to see more information from the C compiler. The following environment variables have been detected:
    C_INCLUDE_PATH
Starting static elaboration
WARNING: [VRFC 10-278] actual bit length 1 differs from formal bit length 5 for port sa [D:/CPU/CPU.srcs/sources_1/new/CPU_sim.v:79]
Completed static elaboration
Starting simulation data flow analysis
Completed simulation data flow analysis
Time Resolution for simulation is 1ps
Compiling module xil_defaultlib.PC
Compiling module xil_defaultlib.InsMem
Compiling module xil_defaultlib.CU
Compiling module xil_defaultlib.Regfile
Compiling module xil_defaultlib.Extend
Compiling module xil_defaultlib.ALU
Compiling module xil_defaultlib.RAM
Compiling module xil_defaultlib.NextPC
Compiling module xil_defaultlib.CPU
Compiling module xil_defaultlib.CPU_sim
Compiling module xil_defaultlib.glbl
Waiting for 2 sub-compilation(s) to finish...
Built simulation snapshot CPU_sim_behav

****** Webtalk v2015.2 (64-bit)
  **** SW Build 1266856 on Fri Jun 26 16:35:25 MDT 2015
  **** IP Build 1264090 on Wed Jun 24 14:22:01 MDT 2015
    ** Copyright 1986-2015 Xilinx, Inc. All Rights Reserved.

source D:/CPU/CPU.sim/sim_1/behav/xsim.dir/CPU_sim_behav/webtalk/xsim_webtalk.tcl -notrace
INFO: [Common 17-186] 'D:/CPU/CPU.sim/sim_1/behav/xsim.dir/CPU_sim_behav/webtalk/usage_statistics_ext_xsim.xml' has been successfully sent to Xilinx on Thu Apr 27 16:22:36 2017. For additional details about this file, please refer to the WebTalk help file at F:/Xilinx_Vivado_SDK_2015.2_0626_1/installed/Vivado/2015.2/doc/webtalk_introduction.html.
INFO: [Common 17-206] Exiting Webtalk at Thu Apr 27 16:22:36 2017...
run_program: Time (s): cpu = 00:00:01 ; elapsed = 00:00:11 . Memory (MB): peak = 665.012 ; gain = 0.000
INFO: [USF-XSim-4] XSim::Simulate design
INFO: [USF-XSim-61] Executing 'SIMULATE' step in 'D:/CPU/CPU.sim/sim_1/behav'
INFO: [USF-XSim-98] *** Running xsim
   with args "CPU_sim_behav -key {Behavioral:sim_1:Functional:CPU_sim} -tclbatch {CPU_sim.tcl} -log {simulate.log}"
INFO: [USF-XSim-8] Loading simulator feature
Vivado Simulator 2015.2
Time resolution is 1 ps
source CPU_sim.tcl
# set curr_wave [current_wave_config]
# if { [string length $curr_wave] == 0 } {
#   if { [llength [get_objects]] > 0} {
#     add_wave /
#     set_property needs_save false [current_wave_config]
#   } else {
#      send_msg_id Add_Wave-1 WARNING "No top level signals found. Simulator will start without a wave window. If you want to open a wave window go to 'File->New Waveform Configuration' or type 'create_wave_config' in the TCL console."
#   }
# }
# run 1000ns
xsim: Time (s): cpu = 00:00:04 ; elapsed = 00:00:06 . Memory (MB): peak = 678.156 ; gain = 13.145
INFO: [USF-XSim-96] XSim completed. Design snapshot 'CPU_sim_behav' loaded.
INFO: [USF-XSim-97] XSim simulation ran for 1000ns
launch_simulation: Time (s): cpu = 00:00:06 ; elapsed = 00:00:21 . Memory (MB): peak = 678.156 ; gain = 13.145
restart
INFO: [Simtcl 6-17] Simulation restarted
run 10 us
run 10 us
run 10 us
run 10 us
run 10 us
close_sim
INFO: [Simtcl 6-16] Simulation closed
close_sim: Time (s): cpu = 00:00:00 ; elapsed = 00:00:06 . Memory (MB): peak = 745.453 ; gain = 0.000
launch_simulation
INFO: [USF-XSim-27] Simulation object is 'sim_1'
INFO: [USF-XSim-37] Inspecting design source files for 'CPU_sim' in fileset 'sim_1'...
INFO: [USF-XSim-97] Finding global include files...
INFO: [USF-XSim-98] Fetching design files from 'sim_1'...
INFO: [USF-XSim-2] XSim::Compile design
INFO: [USF-XSim-61] Executing 'COMPILE' step in 'D:/CPU/CPU.sim/sim_1/behav'
"xvlog -m64 --relax -prj CPU_sim_vlog.prj"
INFO: [VRFC 10-2263] Analyzing Verilog file "D:/CPU/CPU.srcs/sources_1/new/RAM.v" into library xil_defaultlib
INFO: [VRFC 10-311] analyzing module RAM
INFO: [VRFC 10-2263] Analyzing Verilog file "D:/CPU/CPU.srcs/sources_1/new/Regfile.v" into library xil_defaultlib
INFO: [VRFC 10-311] analyzing module Regfile
INFO: [VRFC 10-2263] Analyzing Verilog file "D:/CPU/CPU.srcs/sources_1/new/PC.v" into library xil_defaultlib
INFO: [VRFC 10-311] analyzing module PC
INFO: [VRFC 10-2263] Analyzing Verilog file "D:/CPU/CPU.srcs/sources_1/new/NextPC.v" into library xil_defaultlib
INFO: [VRFC 10-311] analyzing module NextPC
INFO: [VRFC 10-2263] Analyzing Verilog file "D:/CPU/CPU.srcs/sources_1/new/InsMem.v" into library xil_defaultlib
INFO: [VRFC 10-311] analyzing module InsMem
INFO: [VRFC 10-2263] Analyzing Verilog file "D:/CPU/CPU.srcs/sources_1/new/Extend.v" into library xil_defaultlib
INFO: [VRFC 10-311] analyzing module Extend
INFO: [VRFC 10-2263] Analyzing Verilog file "D:/CPU/CPU.srcs/sources_1/new/ALU.v" into library xil_defaultlib
INFO: [VRFC 10-311] analyzing module ALU
INFO: [VRFC 10-2263] Analyzing Verilog file "D:/CPU/CPU.srcs/sources_1/new/CU.v" into library xil_defaultlib
INFO: [VRFC 10-311] analyzing module CU
INFO: [VRFC 10-2263] Analyzing Verilog file "D:/CPU/CPU.srcs/sources_1/new/CPU.v" into library xil_defaultlib
INFO: [VRFC 10-311] analyzing module CPU
INFO: [VRFC 10-2263] Analyzing Verilog file "D:/CPU/CPU.srcs/sources_1/new/CPU_sim.v" into library xil_defaultlib
INFO: [VRFC 10-311] analyzing module CPU_sim
INFO: [VRFC 10-2263] Analyzing Verilog file "D:/CPU/CPU.sim/sim_1/behav/glbl.v" into library xil_defaultlib
INFO: [VRFC 10-311] analyzing module glbl
INFO: [USF-XSim-3] XSim::Elaborate design
INFO: [USF-XSim-61] Executing 'ELABORATE' step in 'D:/CPU/CPU.sim/sim_1/behav'
Vivado Simulator 2015.2
Copyright 1986-1999, 2001-2015 Xilinx, Inc. All Rights Reserved.
Running: F:/Xilinx_Vivado_SDK_2015.2_0626_1/installed/Vivado/2015.2/bin/unwrapped/win64.o/xelab.exe -wto d73a359c4072432ea3aa0df8763a960b --debug typical --relax --mt 2 -L xil_defaultlib -L unisims_ver -L unimacro_ver -L secureip --snapshot CPU_sim_behav xil_defaultlib.CPU_sim xil_defaultlib.glbl -log elaborate.log 
Using 2 slave threads.
WARNING: [XSIM 43-3431] One or more environment variables have been detected which affect the operation of the C compiler. These are typically not set in standard installations and are not tested by Xilinx, however they may be appropriate for your system, so the flow will attempt to continue.  If errors occur, try running fuse with the "-mt off -v 1" switches to see more information from the C compiler. The following environment variables have been detected:
    C_INCLUDE_PATH
Starting static elaboration
WARNING: [VRFC 10-278] actual bit length 1 differs from formal bit length 5 for port sa [D:/CPU/CPU.srcs/sources_1/new/CPU_sim.v:79]
Completed static elaboration
Starting simulation data flow analysis
Completed simulation data flow analysis
Time Resolution for simulation is 1ps
Compiling module xil_defaultlib.PC
Compiling module xil_defaultlib.InsMem
Compiling module xil_defaultlib.CU
Compiling module xil_defaultlib.Regfile
Compiling module xil_defaultlib.Extend
Compiling module xil_defaultlib.ALU
Compiling module xil_defaultlib.RAM
Compiling module xil_defaultlib.NextPC
Compiling module xil_defaultlib.CPU
Compiling module xil_defaultlib.CPU_sim
Compiling module xil_defaultlib.glbl
Waiting for 2 sub-compilation(s) to finish...
Built simulation snapshot CPU_sim_behav

****** Webtalk v2015.2 (64-bit)
  **** SW Build 1266856 on Fri Jun 26 16:35:25 MDT 2015
  **** IP Build 1264090 on Wed Jun 24 14:22:01 MDT 2015
    ** Copyright 1986-2015 Xilinx, Inc. All Rights Reserved.

source D:/CPU/CPU.sim/sim_1/behav/xsim.dir/CPU_sim_behav/webtalk/xsim_webtalk.tcl -notrace
INFO: [Common 17-186] 'D:/CPU/CPU.sim/sim_1/behav/xsim.dir/CPU_sim_behav/webtalk/usage_statistics_ext_xsim.xml' has been successfully sent to Xilinx on Thu Apr 27 17:16:51 2017. For additional details about this file, please refer to the WebTalk help file at F:/Xilinx_Vivado_SDK_2015.2_0626_1/installed/Vivado/2015.2/doc/webtalk_introduction.html.
INFO: [Common 17-206] Exiting Webtalk at Thu Apr 27 17:16:51 2017...
run_program: Time (s): cpu = 00:00:01 ; elapsed = 00:00:06 . Memory (MB): peak = 745.453 ; gain = 0.000
INFO: [USF-XSim-4] XSim::Simulate design
INFO: [USF-XSim-61] Executing 'SIMULATE' step in 'D:/CPU/CPU.sim/sim_1/behav'
INFO: [USF-XSim-98] *** Running xsim
   with args "CPU_sim_behav -key {Behavioral:sim_1:Functional:CPU_sim} -tclbatch {CPU_sim.tcl} -log {simulate.log}"
INFO: [USF-XSim-8] Loading simulator feature
Vivado Simulator 2015.2
Time resolution is 1 ps
source CPU_sim.tcl
# set curr_wave [current_wave_config]
# if { [string length $curr_wave] == 0 } {
#   if { [llength [get_objects]] > 0} {
#     add_wave /
#     set_property needs_save false [current_wave_config]
#   } else {
#      send_msg_id Add_Wave-1 WARNING "No top level signals found. Simulator will start without a wave window. If you want to open a wave window go to 'File->New Waveform Configuration' or type 'create_wave_config' in the TCL console."
#   }
# }
# run 1000ns
INFO: [USF-XSim-96] XSim completed. Design snapshot 'CPU_sim_behav' loaded.
INFO: [USF-XSim-97] XSim simulation ran for 1000ns
launch_simulation: Time (s): cpu = 00:00:03 ; elapsed = 00:00:10 . Memory (MB): peak = 745.453 ; gain = 0.000
restart
INFO: [Simtcl 6-17] Simulation restarted
run 10 us
run 10 us
reset_run synth_1
launch_runs synth_1
INFO: [HDL 9-2216] Analyzing Verilog file "D:/CPU/CPU.srcs/sources_1/new/ALU.v" into library work [D:/CPU/CPU.srcs/sources_1/new/ALU.v:1]
INFO: [HDL 9-2216] Analyzing Verilog file "D:/CPU/CPU.srcs/sources_1/new/CPU.v" into library work [D:/CPU/CPU.srcs/sources_1/new/CPU.v:1]
INFO: [HDL 9-2216] Analyzing Verilog file "D:/CPU/CPU.srcs/sources_1/new/CPU_sim.v" into library work [D:/CPU/CPU.srcs/sources_1/new/CPU_sim.v:1]
INFO: [HDL 9-2216] Analyzing Verilog file "D:/CPU/CPU.srcs/sources_1/new/CU.v" into library work [D:/CPU/CPU.srcs/sources_1/new/CU.v:1]
INFO: [HDL 9-2216] Analyzing Verilog file "D:/CPU/CPU.srcs/sources_1/new/Extend.v" into library work [D:/CPU/CPU.srcs/sources_1/new/Extend.v:1]
INFO: [HDL 9-2216] Analyzing Verilog file "D:/CPU/CPU.srcs/sources_1/new/InsMem.v" into library work [D:/CPU/CPU.srcs/sources_1/new/InsMem.v:1]
INFO: [HDL 9-2216] Analyzing Verilog file "D:/CPU/CPU.srcs/sources_1/new/NextPC.v" into library work [D:/CPU/CPU.srcs/sources_1/new/NextPC.v:1]
INFO: [HDL 9-2216] Analyzing Verilog file "D:/CPU/CPU.srcs/sources_1/new/PC.v" into library work [D:/CPU/CPU.srcs/sources_1/new/PC.v:1]
INFO: [HDL 9-2216] Analyzing Verilog file "D:/CPU/CPU.srcs/sources_1/new/RAM.v" into library work [D:/CPU/CPU.srcs/sources_1/new/RAM.v:1]
INFO: [HDL 9-2216] Analyzing Verilog file "D:/CPU/CPU.srcs/sources_1/new/Regfile.v" into library work [D:/CPU/CPU.srcs/sources_1/new/Regfile.v:1]
[Thu Apr 27 17:17:37 2017] Launched synth_1...
Run output will be captured here: D:/CPU/CPU.runs/synth_1/runme.log
reset_run synth_1
close_sim
INFO: [Simtcl 6-16] Simulation closed
launch_simulation
INFO: [USF-XSim-27] Simulation object is 'sim_1'
INFO: [USF-XSim-37] Inspecting design source files for 'CPU_sim' in fileset 'sim_1'...
INFO: [USF-XSim-97] Finding global include files...
INFO: [USF-XSim-98] Fetching design files from 'sim_1'...
INFO: [USF-XSim-2] XSim::Compile design
INFO: [USF-XSim-61] Executing 'COMPILE' step in 'D:/CPU/CPU.sim/sim_1/behav'
"xvlog -m64 --relax -prj CPU_sim_vlog.prj"
INFO: [VRFC 10-2263] Analyzing Verilog file "D:/CPU/CPU.srcs/sources_1/new/RAM.v" into library xil_defaultlib
INFO: [VRFC 10-311] analyzing module RAM
INFO: [VRFC 10-2263] Analyzing Verilog file "D:/CPU/CPU.srcs/sources_1/new/Regfile.v" into library xil_defaultlib
INFO: [VRFC 10-311] analyzing module Regfile
INFO: [VRFC 10-2263] Analyzing Verilog file "D:/CPU/CPU.srcs/sources_1/new/PC.v" into library xil_defaultlib
INFO: [VRFC 10-311] analyzing module PC
INFO: [VRFC 10-2263] Analyzing Verilog file "D:/CPU/CPU.srcs/sources_1/new/NextPC.v" into library xil_defaultlib
INFO: [VRFC 10-311] analyzing module NextPC
INFO: [VRFC 10-2263] Analyzing Verilog file "D:/CPU/CPU.srcs/sources_1/new/InsMem.v" into library xil_defaultlib
INFO: [VRFC 10-311] analyzing module InsMem
INFO: [VRFC 10-2263] Analyzing Verilog file "D:/CPU/CPU.srcs/sources_1/new/Extend.v" into library xil_defaultlib
INFO: [VRFC 10-311] analyzing module Extend
INFO: [VRFC 10-2263] Analyzing Verilog file "D:/CPU/CPU.srcs/sources_1/new/ALU.v" into library xil_defaultlib
INFO: [VRFC 10-311] analyzing module ALU
INFO: [VRFC 10-2263] Analyzing Verilog file "D:/CPU/CPU.srcs/sources_1/new/CU.v" into library xil_defaultlib
INFO: [VRFC 10-311] analyzing module CU
INFO: [VRFC 10-2263] Analyzing Verilog file "D:/CPU/CPU.srcs/sources_1/new/CPU.v" into library xil_defaultlib
INFO: [VRFC 10-311] analyzing module CPU
INFO: [VRFC 10-2263] Analyzing Verilog file "D:/CPU/CPU.srcs/sources_1/new/CPU_sim.v" into library xil_defaultlib
INFO: [VRFC 10-311] analyzing module CPU_sim
INFO: [VRFC 10-2263] Analyzing Verilog file "D:/CPU/CPU.sim/sim_1/behav/glbl.v" into library xil_defaultlib
INFO: [VRFC 10-311] analyzing module glbl
INFO: [USF-XSim-3] XSim::Elaborate design
INFO: [USF-XSim-61] Executing 'ELABORATE' step in 'D:/CPU/CPU.sim/sim_1/behav'
Vivado Simulator 2015.2
Copyright 1986-1999, 2001-2015 Xilinx, Inc. All Rights Reserved.
Running: F:/Xilinx_Vivado_SDK_2015.2_0626_1/installed/Vivado/2015.2/bin/unwrapped/win64.o/xelab.exe -wto d73a359c4072432ea3aa0df8763a960b --debug typical --relax --mt 2 -L xil_defaultlib -L unisims_ver -L unimacro_ver -L secureip --snapshot CPU_sim_behav xil_defaultlib.CPU_sim xil_defaultlib.glbl -log elaborate.log 
Using 2 slave threads.
WARNING: [XSIM 43-3431] One or more environment variables have been detected which affect the operation of the C compiler. These are typically not set in standard installations and are not tested by Xilinx, however they may be appropriate for your system, so the flow will attempt to continue.  If errors occur, try running fuse with the "-mt off -v 1" switches to see more information from the C compiler. The following environment variables have been detected:
    C_INCLUDE_PATH
Starting static elaboration
WARNING: [VRFC 10-278] actual bit length 1 differs from formal bit length 5 for port sa [D:/CPU/CPU.srcs/sources_1/new/CPU_sim.v:79]
Completed static elaboration
Starting simulation data flow analysis
Completed simulation data flow analysis
Time Resolution for simulation is 1ps
Compiling module xil_defaultlib.PC
Compiling module xil_defaultlib.InsMem
Compiling module xil_defaultlib.CU
Compiling module xil_defaultlib.Regfile
Compiling module xil_defaultlib.Extend
Compiling module xil_defaultlib.ALU
Compiling module xil_defaultlib.RAM
Compiling module xil_defaultlib.NextPC
Compiling module xil_defaultlib.CPU
Compiling module xil_defaultlib.CPU_sim
Compiling module xil_defaultlib.glbl
Waiting for 2 sub-compilation(s) to finish...
Built simulation snapshot CPU_sim_behav

****** Webtalk v2015.2 (64-bit)
  **** SW Build 1266856 on Fri Jun 26 16:35:25 MDT 2015
  **** IP Build 1264090 on Wed Jun 24 14:22:01 MDT 2015
    ** Copyright 1986-2015 Xilinx, Inc. All Rights Reserved.

source D:/CPU/CPU.sim/sim_1/behav/xsim.dir/CPU_sim_behav/webtalk/xsim_webtalk.tcl -notrace
INFO: [Common 17-186] 'D:/CPU/CPU.sim/sim_1/behav/xsim.dir/CPU_sim_behav/webtalk/usage_statistics_ext_xsim.xml' has been successfully sent to Xilinx on Thu Apr 27 17:18:22 2017. For additional details about this file, please refer to the WebTalk help file at F:/Xilinx_Vivado_SDK_2015.2_0626_1/installed/Vivado/2015.2/doc/webtalk_introduction.html.
INFO: [Common 17-206] Exiting Webtalk at Thu Apr 27 17:18:22 2017...
run_program: Time (s): cpu = 00:00:01 ; elapsed = 00:00:05 . Memory (MB): peak = 789.805 ; gain = 0.000
INFO: [USF-XSim-4] XSim::Simulate design
INFO: [USF-XSim-61] Executing 'SIMULATE' step in 'D:/CPU/CPU.sim/sim_1/behav'
INFO: [USF-XSim-98] *** Running xsim
   with args "CPU_sim_behav -key {Behavioral:sim_1:Functional:CPU_sim} -tclbatch {CPU_sim.tcl} -log {simulate.log}"
INFO: [USF-XSim-8] Loading simulator feature
Vivado Simulator 2015.2
Time resolution is 1 ps
source CPU_sim.tcl
# set curr_wave [current_wave_config]
# if { [string length $curr_wave] == 0 } {
#   if { [llength [get_objects]] > 0} {
#     add_wave /
#     set_property needs_save false [current_wave_config]
#   } else {
#      send_msg_id Add_Wave-1 WARNING "No top level signals found. Simulator will start without a wave window. If you want to open a wave window go to 'File->New Waveform Configuration' or type 'create_wave_config' in the TCL console."
#   }
# }
# run 1000ns
INFO: [USF-XSim-96] XSim completed. Design snapshot 'CPU_sim_behav' loaded.
INFO: [USF-XSim-97] XSim simulation ran for 1000ns
launch_simulation: Time (s): cpu = 00:00:03 ; elapsed = 00:00:08 . Memory (MB): peak = 789.805 ; gain = 0.000
restart
INFO: [Simtcl 6-17] Simulation restarted
run 10 us
run 10 us
run 10 us
run 10 us
restart
INFO: [Simtcl 6-17] Simulation restarted
run 10 us
run 10 us
run 10 us
run 10 us
run 10 us
run 10 us
run 10 us
run 10 us
run 10 us
run 10 us
run 10 us
run 10 us
run 10 us
run 10 us
run 10 us
run 10 ns
run 10 ns
run 10 ns
run 10 ns
close_sim
INFO: [Simtcl 6-16] Simulation closed
close_sim: Time (s): cpu = 00:00:00 ; elapsed = 00:00:10 . Memory (MB): peak = 789.805 ; gain = 0.000
launch_simulation
INFO: [USF-XSim-27] Simulation object is 'sim_1'
INFO: [USF-XSim-37] Inspecting design source files for 'CPU_sim' in fileset 'sim_1'...
INFO: [USF-XSim-97] Finding global include files...
INFO: [USF-XSim-98] Fetching design files from 'sim_1'...
INFO: [USF-XSim-2] XSim::Compile design
INFO: [USF-XSim-61] Executing 'COMPILE' step in 'D:/CPU/CPU.sim/sim_1/behav'
"xvlog -m64 --relax -prj CPU_sim_vlog.prj"
INFO: [VRFC 10-2263] Analyzing Verilog file "D:/CPU/CPU.srcs/sources_1/new/RAM.v" into library xil_defaultlib
INFO: [VRFC 10-311] analyzing module RAM
INFO: [VRFC 10-2263] Analyzing Verilog file "D:/CPU/CPU.srcs/sources_1/new/Regfile.v" into library xil_defaultlib
INFO: [VRFC 10-311] analyzing module Regfile
INFO: [VRFC 10-2263] Analyzing Verilog file "D:/CPU/CPU.srcs/sources_1/new/PC.v" into library xil_defaultlib
INFO: [VRFC 10-311] analyzing module PC
INFO: [VRFC 10-2263] Analyzing Verilog file "D:/CPU/CPU.srcs/sources_1/new/NextPC.v" into library xil_defaultlib
INFO: [VRFC 10-311] analyzing module NextPC
INFO: [VRFC 10-2263] Analyzing Verilog file "D:/CPU/CPU.srcs/sources_1/new/InsMem.v" into library xil_defaultlib
INFO: [VRFC 10-311] analyzing module InsMem
INFO: [VRFC 10-2263] Analyzing Verilog file "D:/CPU/CPU.srcs/sources_1/new/Extend.v" into library xil_defaultlib
INFO: [VRFC 10-311] analyzing module Extend
INFO: [VRFC 10-2263] Analyzing Verilog file "D:/CPU/CPU.srcs/sources_1/new/ALU.v" into library xil_defaultlib
INFO: [VRFC 10-311] analyzing module ALU
INFO: [VRFC 10-2263] Analyzing Verilog file "D:/CPU/CPU.srcs/sources_1/new/CU.v" into library xil_defaultlib
INFO: [VRFC 10-311] analyzing module CU
INFO: [VRFC 10-2263] Analyzing Verilog file "D:/CPU/CPU.srcs/sources_1/new/CPU.v" into library xil_defaultlib
INFO: [VRFC 10-311] analyzing module CPU
INFO: [VRFC 10-2263] Analyzing Verilog file "D:/CPU/CPU.srcs/sources_1/new/CPU_sim.v" into library xil_defaultlib
INFO: [VRFC 10-311] analyzing module CPU_sim
INFO: [VRFC 10-2263] Analyzing Verilog file "D:/CPU/CPU.sim/sim_1/behav/glbl.v" into library xil_defaultlib
INFO: [VRFC 10-311] analyzing module glbl
INFO: [USF-XSim-3] XSim::Elaborate design
INFO: [USF-XSim-61] Executing 'ELABORATE' step in 'D:/CPU/CPU.sim/sim_1/behav'
Vivado Simulator 2015.2
Copyright 1986-1999, 2001-2015 Xilinx, Inc. All Rights Reserved.
Running: F:/Xilinx_Vivado_SDK_2015.2_0626_1/installed/Vivado/2015.2/bin/unwrapped/win64.o/xelab.exe -wto d73a359c4072432ea3aa0df8763a960b --debug typical --relax --mt 2 -L xil_defaultlib -L unisims_ver -L unimacro_ver -L secureip --snapshot CPU_sim_behav xil_defaultlib.CPU_sim xil_defaultlib.glbl -log elaborate.log 
Using 2 slave threads.
WARNING: [XSIM 43-3431] One or more environment variables have been detected which affect the operation of the C compiler. These are typically not set in standard installations and are not tested by Xilinx, however they may be appropriate for your system, so the flow will attempt to continue.  If errors occur, try running fuse with the "-mt off -v 1" switches to see more information from the C compiler. The following environment variables have been detected:
    C_INCLUDE_PATH
Starting static elaboration
WARNING: [VRFC 10-278] actual bit length 1 differs from formal bit length 5 for port sa [D:/CPU/CPU.srcs/sources_1/new/CPU_sim.v:79]
Completed static elaboration
Starting simulation data flow analysis
Completed simulation data flow analysis
Time Resolution for simulation is 1ps
Compiling module xil_defaultlib.PC
Compiling module xil_defaultlib.InsMem
Compiling module xil_defaultlib.CU
Compiling module xil_defaultlib.Regfile
Compiling module xil_defaultlib.Extend
Compiling module xil_defaultlib.ALU
Compiling module xil_defaultlib.RAM
Compiling module xil_defaultlib.NextPC
Compiling module xil_defaultlib.CPU
Compiling module xil_defaultlib.CPU_sim
Compiling module xil_defaultlib.glbl
Waiting for 2 sub-compilation(s) to finish...
Built simulation snapshot CPU_sim_behav

****** Webtalk v2015.2 (64-bit)
  **** SW Build 1266856 on Fri Jun 26 16:35:25 MDT 2015
  **** IP Build 1264090 on Wed Jun 24 14:22:01 MDT 2015
    ** Copyright 1986-2015 Xilinx, Inc. All Rights Reserved.

source D:/CPU/CPU.sim/sim_1/behav/xsim.dir/CPU_sim_behav/webtalk/xsim_webtalk.tcl -notrace

    while executing
"webtalk_transmit -clientid 3641614705 -regid "210766071_0_0_148" -xml D:/CPU/CPU.sim/sim_1/behav/xsim.dir/CPU_sim_behav/webtalk/usage_statistics_ext_x..."
    (file "D:/CPU/CPU.sim/sim_1/behav/xsim.dir/CPU_sim_behav/webtalk/xsim_webtalk.tcl" line 41)
INFO: [Common 17-206] Exiting Webtalk at Thu Apr 27 23:20:10 2017...
run_program: Time (s): cpu = 00:00:00 ; elapsed = 00:00:12 . Memory (MB): peak = 789.805 ; gain = 0.000
INFO: [USF-XSim-4] XSim::Simulate design
INFO: [USF-XSim-61] Executing 'SIMULATE' step in 'D:/CPU/CPU.sim/sim_1/behav'
INFO: [USF-XSim-98] *** Running xsim
   with args "CPU_sim_behav -key {Behavioral:sim_1:Functional:CPU_sim} -tclbatch {CPU_sim.tcl} -log {simulate.log}"
INFO: [USF-XSim-8] Loading simulator feature
Vivado Simulator 2015.2
Time resolution is 1 ps
source CPU_sim.tcl
# set curr_wave [current_wave_config]
# if { [string length $curr_wave] == 0 } {
#   if { [llength [get_objects]] > 0} {
#     add_wave /
#     set_property needs_save false [current_wave_config]
#   } else {
#      send_msg_id Add_Wave-1 WARNING "No top level signals found. Simulator will start without a wave window. If you want to open a wave window go to 'File->New Waveform Configuration' or type 'create_wave_config' in the TCL console."
#   }
# }
# run 1000ns
INFO: [USF-XSim-96] XSim completed. Design snapshot 'CPU_sim_behav' loaded.
INFO: [USF-XSim-97] XSim simulation ran for 1000ns
launch_simulation: Time (s): cpu = 00:00:02 ; elapsed = 00:00:16 . Memory (MB): peak = 789.805 ; gain = 0.000
restart
INFO: [Simtcl 6-17] Simulation restarted
run 10 us
run 10 us
run 10 us
close_sim
INFO: [Simtcl 6-16] Simulation closed
close_sim: Time (s): cpu = 00:00:01 ; elapsed = 00:00:06 . Memory (MB): peak = 816.504 ; gain = 0.000
launch_simulation
INFO: [USF-XSim-27] Simulation object is 'sim_1'
INFO: [USF-XSim-37] Inspecting design source files for 'CPU_sim' in fileset 'sim_1'...
INFO: [USF-XSim-97] Finding global include files...
INFO: [USF-XSim-98] Fetching design files from 'sim_1'...
INFO: [USF-XSim-2] XSim::Compile design
INFO: [USF-XSim-61] Executing 'COMPILE' step in 'D:/CPU/CPU.sim/sim_1/behav'
"xvlog -m64 --relax -prj CPU_sim_vlog.prj"
INFO: [VRFC 10-2263] Analyzing Verilog file "D:/CPU/CPU.srcs/sources_1/new/RAM.v" into library xil_defaultlib
INFO: [VRFC 10-311] analyzing module RAM
INFO: [VRFC 10-2263] Analyzing Verilog file "D:/CPU/CPU.srcs/sources_1/new/Regfile.v" into library xil_defaultlib
INFO: [VRFC 10-311] analyzing module Regfile
INFO: [VRFC 10-2263] Analyzing Verilog file "D:/CPU/CPU.srcs/sources_1/new/PC.v" into library xil_defaultlib
INFO: [VRFC 10-311] analyzing module PC
INFO: [VRFC 10-2263] Analyzing Verilog file "D:/CPU/CPU.srcs/sources_1/new/NextPC.v" into library xil_defaultlib
INFO: [VRFC 10-311] analyzing module NextPC
INFO: [VRFC 10-2263] Analyzing Verilog file "D:/CPU/CPU.srcs/sources_1/new/InsMem.v" into library xil_defaultlib
INFO: [VRFC 10-311] analyzing module InsMem
INFO: [VRFC 10-2263] Analyzing Verilog file "D:/CPU/CPU.srcs/sources_1/new/Extend.v" into library xil_defaultlib
INFO: [VRFC 10-311] analyzing module Extend
INFO: [VRFC 10-2263] Analyzing Verilog file "D:/CPU/CPU.srcs/sources_1/new/ALU.v" into library xil_defaultlib
INFO: [VRFC 10-311] analyzing module ALU
INFO: [VRFC 10-2263] Analyzing Verilog file "D:/CPU/CPU.srcs/sources_1/new/CU.v" into library xil_defaultlib
INFO: [VRFC 10-311] analyzing module CU
INFO: [VRFC 10-2263] Analyzing Verilog file "D:/CPU/CPU.srcs/sources_1/new/CPU.v" into library xil_defaultlib
INFO: [VRFC 10-311] analyzing module CPU
INFO: [VRFC 10-2263] Analyzing Verilog file "D:/CPU/CPU.srcs/sources_1/new/CPU_sim.v" into library xil_defaultlib
INFO: [VRFC 10-311] analyzing module CPU_sim
INFO: [VRFC 10-2263] Analyzing Verilog file "D:/CPU/CPU.sim/sim_1/behav/glbl.v" into library xil_defaultlib
INFO: [VRFC 10-311] analyzing module glbl
INFO: [USF-XSim-3] XSim::Elaborate design
INFO: [USF-XSim-61] Executing 'ELABORATE' step in 'D:/CPU/CPU.sim/sim_1/behav'
Vivado Simulator 2015.2
Copyright 1986-1999, 2001-2015 Xilinx, Inc. All Rights Reserved.
Running: F:/Xilinx_Vivado_SDK_2015.2_0626_1/installed/Vivado/2015.2/bin/unwrapped/win64.o/xelab.exe -wto d73a359c4072432ea3aa0df8763a960b --debug typical --relax --mt 2 -L xil_defaultlib -L unisims_ver -L unimacro_ver -L secureip --snapshot CPU_sim_behav xil_defaultlib.CPU_sim xil_defaultlib.glbl -log elaborate.log 
Using 2 slave threads.
WARNING: [XSIM 43-3431] One or more environment variables have been detected which affect the operation of the C compiler. These are typically not set in standard installations and are not tested by Xilinx, however they may be appropriate for your system, so the flow will attempt to continue.  If errors occur, try running fuse with the "-mt off -v 1" switches to see more information from the C compiler. The following environment variables have been detected:
    C_INCLUDE_PATH
Starting static elaboration
WARNING: [VRFC 10-278] actual bit length 1 differs from formal bit length 5 for port sa [D:/CPU/CPU.srcs/sources_1/new/CPU_sim.v:77]
Completed static elaboration
Starting simulation data flow analysis
Completed simulation data flow analysis
Time Resolution for simulation is 1ps
Compiling module xil_defaultlib.PC
Compiling module xil_defaultlib.InsMem
Compiling module xil_defaultlib.CU
Compiling module xil_defaultlib.Regfile
Compiling module xil_defaultlib.Extend
Compiling module xil_defaultlib.ALU
Compiling module xil_defaultlib.RAM
Compiling module xil_defaultlib.NextPC
Compiling module xil_defaultlib.CPU
Compiling module xil_defaultlib.CPU_sim
Compiling module xil_defaultlib.glbl
Waiting for 2 sub-compilation(s) to finish...
Built simulation snapshot CPU_sim_behav

****** Webtalk v2015.2 (64-bit)
  **** SW Build 1266856 on Fri Jun 26 16:35:25 MDT 2015
  **** IP Build 1264090 on Wed Jun 24 14:22:01 MDT 2015
    ** Copyright 1986-2015 Xilinx, Inc. All Rights Reserved.

source D:/CPU/CPU.sim/sim_1/behav/xsim.dir/CPU_sim_behav/webtalk/xsim_webtalk.tcl -notrace
INFO: [Common 17-186] 'D:/CPU/CPU.sim/sim_1/behav/xsim.dir/CPU_sim_behav/webtalk/usage_statistics_ext_xsim.xml' has been successfully sent to Xilinx on Thu Apr 27 23:24:50 2017. For additional details about this file, please refer to the WebTalk help file at F:/Xilinx_Vivado_SDK_2015.2_0626_1/installed/Vivado/2015.2/doc/webtalk_introduction.html.
INFO: [Common 17-206] Exiting Webtalk at Thu Apr 27 23:24:50 2017...
run_program: Time (s): cpu = 00:00:00 ; elapsed = 00:00:06 . Memory (MB): peak = 816.504 ; gain = 0.000
INFO: [USF-XSim-4] XSim::Simulate design
INFO: [USF-XSim-61] Executing 'SIMULATE' step in 'D:/CPU/CPU.sim/sim_1/behav'
INFO: [USF-XSim-98] *** Running xsim
   with args "CPU_sim_behav -key {Behavioral:sim_1:Functional:CPU_sim} -tclbatch {CPU_sim.tcl} -log {simulate.log}"
INFO: [USF-XSim-8] Loading simulator feature
Vivado Simulator 2015.2
Time resolution is 1 ps
source CPU_sim.tcl
# set curr_wave [current_wave_config]
# if { [string length $curr_wave] == 0 } {
#   if { [llength [get_objects]] > 0} {
#     add_wave /
#     set_property needs_save false [current_wave_config]
#   } else {
#      send_msg_id Add_Wave-1 WARNING "No top level signals found. Simulator will start without a wave window. If you want to open a wave window go to 'File->New Waveform Configuration' or type 'create_wave_config' in the TCL console."
#   }
# }
# run 1000ns
INFO: [USF-XSim-96] XSim completed. Design snapshot 'CPU_sim_behav' loaded.
INFO: [USF-XSim-97] XSim simulation ran for 1000ns
launch_simulation: Time (s): cpu = 00:00:01 ; elapsed = 00:00:10 . Memory (MB): peak = 816.504 ; gain = 0.000
restart
INFO: [Simtcl 6-17] Simulation restarted
run 10 us
run 10 us
close_sim
INFO: [Simtcl 6-16] Simulation closed
close_sim: Time (s): cpu = 00:00:01 ; elapsed = 00:00:06 . Memory (MB): peak = 816.504 ; gain = 0.000
launch_simulation
INFO: [USF-XSim-27] Simulation object is 'sim_1'
INFO: [USF-XSim-37] Inspecting design source files for 'CPU_sim' in fileset 'sim_1'...
INFO: [USF-XSim-97] Finding global include files...
INFO: [USF-XSim-98] Fetching design files from 'sim_1'...
INFO: [USF-XSim-2] XSim::Compile design
INFO: [USF-XSim-61] Executing 'COMPILE' step in 'D:/CPU/CPU.sim/sim_1/behav'
"xvlog -m64 --relax -prj CPU_sim_vlog.prj"
INFO: [VRFC 10-2263] Analyzing Verilog file "D:/CPU/CPU.srcs/sources_1/new/RAM.v" into library xil_defaultlib
INFO: [VRFC 10-311] analyzing module RAM
INFO: [VRFC 10-2263] Analyzing Verilog file "D:/CPU/CPU.srcs/sources_1/new/Regfile.v" into library xil_defaultlib
INFO: [VRFC 10-311] analyzing module Regfile
INFO: [VRFC 10-2263] Analyzing Verilog file "D:/CPU/CPU.srcs/sources_1/new/PC.v" into library xil_defaultlib
INFO: [VRFC 10-311] analyzing module PC
INFO: [VRFC 10-2263] Analyzing Verilog file "D:/CPU/CPU.srcs/sources_1/new/NextPC.v" into library xil_defaultlib
INFO: [VRFC 10-311] analyzing module NextPC
INFO: [VRFC 10-2263] Analyzing Verilog file "D:/CPU/CPU.srcs/sources_1/new/InsMem.v" into library xil_defaultlib
INFO: [VRFC 10-311] analyzing module InsMem
INFO: [VRFC 10-2263] Analyzing Verilog file "D:/CPU/CPU.srcs/sources_1/new/Extend.v" into library xil_defaultlib
INFO: [VRFC 10-311] analyzing module Extend
INFO: [VRFC 10-2263] Analyzing Verilog file "D:/CPU/CPU.srcs/sources_1/new/ALU.v" into library xil_defaultlib
INFO: [VRFC 10-311] analyzing module ALU
INFO: [VRFC 10-2263] Analyzing Verilog file "D:/CPU/CPU.srcs/sources_1/new/CU.v" into library xil_defaultlib
INFO: [VRFC 10-311] analyzing module CU
INFO: [VRFC 10-2263] Analyzing Verilog file "D:/CPU/CPU.srcs/sources_1/new/CPU.v" into library xil_defaultlib
INFO: [VRFC 10-311] analyzing module CPU
INFO: [VRFC 10-2263] Analyzing Verilog file "D:/CPU/CPU.srcs/sources_1/new/CPU_sim.v" into library xil_defaultlib
INFO: [VRFC 10-311] analyzing module CPU_sim
INFO: [VRFC 10-2263] Analyzing Verilog file "D:/CPU/CPU.sim/sim_1/behav/glbl.v" into library xil_defaultlib
INFO: [VRFC 10-311] analyzing module glbl
INFO: [USF-XSim-3] XSim::Elaborate design
INFO: [USF-XSim-61] Executing 'ELABORATE' step in 'D:/CPU/CPU.sim/sim_1/behav'
Vivado Simulator 2015.2
Copyright 1986-1999, 2001-2015 Xilinx, Inc. All Rights Reserved.
Running: F:/Xilinx_Vivado_SDK_2015.2_0626_1/installed/Vivado/2015.2/bin/unwrapped/win64.o/xelab.exe -wto d73a359c4072432ea3aa0df8763a960b --debug typical --relax --mt 2 -L xil_defaultlib -L unisims_ver -L unimacro_ver -L secureip --snapshot CPU_sim_behav xil_defaultlib.CPU_sim xil_defaultlib.glbl -log elaborate.log 
Using 2 slave threads.
WARNING: [XSIM 43-3431] One or more environment variables have been detected which affect the operation of the C compiler. These are typically not set in standard installations and are not tested by Xilinx, however they may be appropriate for your system, so the flow will attempt to continue.  If errors occur, try running fuse with the "-mt off -v 1" switches to see more information from the C compiler. The following environment variables have been detected:
    C_INCLUDE_PATH
Starting static elaboration
WARNING: [VRFC 10-278] actual bit length 1 differs from formal bit length 5 for port sa [D:/CPU/CPU.srcs/sources_1/new/CPU_sim.v:76]
Completed static elaboration
Starting simulation data flow analysis
Completed simulation data flow analysis
Time Resolution for simulation is 1ps
Compiling module xil_defaultlib.PC
Compiling module xil_defaultlib.InsMem
Compiling module xil_defaultlib.CU
Compiling module xil_defaultlib.Regfile
Compiling module xil_defaultlib.Extend
Compiling module xil_defaultlib.ALU
Compiling module xil_defaultlib.RAM
Compiling module xil_defaultlib.NextPC
Compiling module xil_defaultlib.CPU
Compiling module xil_defaultlib.CPU_sim
Compiling module xil_defaultlib.glbl
Waiting for 2 sub-compilation(s) to finish...
Built simulation snapshot CPU_sim_behav

****** Webtalk v2015.2 (64-bit)
  **** SW Build 1266856 on Fri Jun 26 16:35:25 MDT 2015
  **** IP Build 1264090 on Wed Jun 24 14:22:01 MDT 2015
    ** Copyright 1986-2015 Xilinx, Inc. All Rights Reserved.

source D:/CPU/CPU.sim/sim_1/behav/xsim.dir/CPU_sim_behav/webtalk/xsim_webtalk.tcl -notrace
INFO: [Common 17-186] 'D:/CPU/CPU.sim/sim_1/behav/xsim.dir/CPU_sim_behav/webtalk/usage_statistics_ext_xsim.xml' has been successfully sent to Xilinx on Thu Apr 27 23:27:23 2017. For additional details about this file, please refer to the WebTalk help file at F:/Xilinx_Vivado_SDK_2015.2_0626_1/installed/Vivado/2015.2/doc/webtalk_introduction.html.
INFO: [Common 17-206] Exiting Webtalk at Thu Apr 27 23:27:23 2017...
run_program: Time (s): cpu = 00:00:00 ; elapsed = 00:00:06 . Memory (MB): peak = 816.504 ; gain = 0.000
INFO: [USF-XSim-4] XSim::Simulate design
INFO: [USF-XSim-61] Executing 'SIMULATE' step in 'D:/CPU/CPU.sim/sim_1/behav'
INFO: [USF-XSim-98] *** Running xsim
   with args "CPU_sim_behav -key {Behavioral:sim_1:Functional:CPU_sim} -tclbatch {CPU_sim.tcl} -log {simulate.log}"
INFO: [USF-XSim-8] Loading simulator feature
Vivado Simulator 2015.2
Time resolution is 1 ps
source CPU_sim.tcl
# set curr_wave [current_wave_config]
# if { [string length $curr_wave] == 0 } {
#   if { [llength [get_objects]] > 0} {
#     add_wave /
#     set_property needs_save false [current_wave_config]
#   } else {
#      send_msg_id Add_Wave-1 WARNING "No top level signals found. Simulator will start without a wave window. If you want to open a wave window go to 'File->New Waveform Configuration' or type 'create_wave_config' in the TCL console."
#   }
# }
# run 1000ns
INFO: [USF-XSim-96] XSim completed. Design snapshot 'CPU_sim_behav' loaded.
INFO: [USF-XSim-97] XSim simulation ran for 1000ns
launch_simulation: Time (s): cpu = 00:00:02 ; elapsed = 00:00:10 . Memory (MB): peak = 816.504 ; gain = 0.000
restart
INFO: [Simtcl 6-17] Simulation restarted
run 10 us
run 10 us
run 10 us
run 10 us
close_sim
INFO: [Simtcl 6-16] Simulation closed
close_sim: Time (s): cpu = 00:00:01 ; elapsed = 00:00:11 . Memory (MB): peak = 829.266 ; gain = 0.000
launch_simulation
INFO: [USF-XSim-27] Simulation object is 'sim_1'
INFO: [USF-XSim-37] Inspecting design source files for 'CPU_sim' in fileset 'sim_1'...
INFO: [USF-XSim-97] Finding global include files...
INFO: [USF-XSim-98] Fetching design files from 'sim_1'...
INFO: [USF-XSim-2] XSim::Compile design
INFO: [USF-XSim-61] Executing 'COMPILE' step in 'D:/CPU/CPU.sim/sim_1/behav'
"xvlog -m64 --relax -prj CPU_sim_vlog.prj"
INFO: [VRFC 10-2263] Analyzing Verilog file "D:/CPU/CPU.srcs/sources_1/new/RAM.v" into library xil_defaultlib
INFO: [VRFC 10-311] analyzing module RAM
INFO: [VRFC 10-2263] Analyzing Verilog file "D:/CPU/CPU.srcs/sources_1/new/Regfile.v" into library xil_defaultlib
INFO: [VRFC 10-311] analyzing module Regfile
INFO: [VRFC 10-2263] Analyzing Verilog file "D:/CPU/CPU.srcs/sources_1/new/PC.v" into library xil_defaultlib
INFO: [VRFC 10-311] analyzing module PC
INFO: [VRFC 10-2263] Analyzing Verilog file "D:/CPU/CPU.srcs/sources_1/new/NextPC.v" into library xil_defaultlib
INFO: [VRFC 10-311] analyzing module NextPC
INFO: [VRFC 10-2263] Analyzing Verilog file "D:/CPU/CPU.srcs/sources_1/new/InsMem.v" into library xil_defaultlib
INFO: [VRFC 10-311] analyzing module InsMem
INFO: [VRFC 10-2263] Analyzing Verilog file "D:/CPU/CPU.srcs/sources_1/new/Extend.v" into library xil_defaultlib
INFO: [VRFC 10-311] analyzing module Extend
INFO: [VRFC 10-2263] Analyzing Verilog file "D:/CPU/CPU.srcs/sources_1/new/ALU.v" into library xil_defaultlib
INFO: [VRFC 10-311] analyzing module ALU
INFO: [VRFC 10-2263] Analyzing Verilog file "D:/CPU/CPU.srcs/sources_1/new/CU.v" into library xil_defaultlib
INFO: [VRFC 10-311] analyzing module CU
INFO: [VRFC 10-2263] Analyzing Verilog file "D:/CPU/CPU.srcs/sources_1/new/CPU.v" into library xil_defaultlib
INFO: [VRFC 10-311] analyzing module CPU
INFO: [VRFC 10-2263] Analyzing Verilog file "D:/CPU/CPU.srcs/sources_1/new/CPU_sim.v" into library xil_defaultlib
INFO: [VRFC 10-311] analyzing module CPU_sim
INFO: [VRFC 10-2263] Analyzing Verilog file "D:/CPU/CPU.sim/sim_1/behav/glbl.v" into library xil_defaultlib
INFO: [VRFC 10-311] analyzing module glbl
INFO: [USF-XSim-3] XSim::Elaborate design
INFO: [USF-XSim-61] Executing 'ELABORATE' step in 'D:/CPU/CPU.sim/sim_1/behav'
Vivado Simulator 2015.2
Copyright 1986-1999, 2001-2015 Xilinx, Inc. All Rights Reserved.
Running: F:/Xilinx_Vivado_SDK_2015.2_0626_1/installed/Vivado/2015.2/bin/unwrapped/win64.o/xelab.exe -wto d73a359c4072432ea3aa0df8763a960b --debug typical --relax --mt 2 -L xil_defaultlib -L unisims_ver -L unimacro_ver -L secureip --snapshot CPU_sim_behav xil_defaultlib.CPU_sim xil_defaultlib.glbl -log elaborate.log 
Using 2 slave threads.
WARNING: [XSIM 43-3431] One or more environment variables have been detected which affect the operation of the C compiler. These are typically not set in standard installations and are not tested by Xilinx, however they may be appropriate for your system, so the flow will attempt to continue.  If errors occur, try running fuse with the "-mt off -v 1" switches to see more information from the C compiler. The following environment variables have been detected:
    C_INCLUDE_PATH
Starting static elaboration
Completed static elaboration
Starting simulation data flow analysis
Completed simulation data flow analysis
Time Resolution for simulation is 1ps
Compiling module xil_defaultlib.PC
Compiling module xil_defaultlib.InsMem
Compiling module xil_defaultlib.CU
Compiling module xil_defaultlib.Regfile
Compiling module xil_defaultlib.Extend
Compiling module xil_defaultlib.ALU
Compiling module xil_defaultlib.RAM
Compiling module xil_defaultlib.NextPC
Compiling module xil_defaultlib.CPU
Compiling module xil_defaultlib.CPU_sim
Compiling module xil_defaultlib.glbl
Waiting for 2 sub-compilation(s) to finish...
Built simulation snapshot CPU_sim_behav

****** Webtalk v2015.2 (64-bit)
  **** SW Build 1266856 on Fri Jun 26 16:35:25 MDT 2015
  **** IP Build 1264090 on Wed Jun 24 14:22:01 MDT 2015
    ** Copyright 1986-2015 Xilinx, Inc. All Rights Reserved.

source D:/CPU/CPU.sim/sim_1/behav/xsim.dir/CPU_sim_behav/webtalk/xsim_webtalk.tcl -notrace
INFO: [Common 17-186] 'D:/CPU/CPU.sim/sim_1/behav/xsim.dir/CPU_sim_behav/webtalk/usage_statistics_ext_xsim.xml' has been successfully sent to Xilinx on Fri Apr 28 08:10:33 2017. For additional details about this file, please refer to the WebTalk help file at F:/Xilinx_Vivado_SDK_2015.2_0626_1/installed/Vivado/2015.2/doc/webtalk_introduction.html.
INFO: [Common 17-206] Exiting Webtalk at Fri Apr 28 08:10:33 2017...
run_program: Time (s): cpu = 00:00:00 ; elapsed = 00:00:09 . Memory (MB): peak = 829.266 ; gain = 0.000
INFO: [USF-XSim-4] XSim::Simulate design
INFO: [USF-XSim-61] Executing 'SIMULATE' step in 'D:/CPU/CPU.sim/sim_1/behav'
INFO: [USF-XSim-98] *** Running xsim
   with args "CPU_sim_behav -key {Behavioral:sim_1:Functional:CPU_sim} -tclbatch {CPU_sim.tcl} -log {simulate.log}"
INFO: [USF-XSim-8] Loading simulator feature
Vivado Simulator 2015.2
Time resolution is 1 ps
source CPU_sim.tcl
# set curr_wave [current_wave_config]
# if { [string length $curr_wave] == 0 } {
#   if { [llength [get_objects]] > 0} {
#     add_wave /
#     set_property needs_save false [current_wave_config]
#   } else {
#      send_msg_id Add_Wave-1 WARNING "No top level signals found. Simulator will start without a wave window. If you want to open a wave window go to 'File->New Waveform Configuration' or type 'create_wave_config' in the TCL console."
#   }
# }
# run 1000ns
INFO: [USF-XSim-96] XSim completed. Design snapshot 'CPU_sim_behav' loaded.
INFO: [USF-XSim-97] XSim simulation ran for 1000ns
launch_simulation: Time (s): cpu = 00:00:02 ; elapsed = 00:00:15 . Memory (MB): peak = 829.266 ; gain = 0.000
restart
INFO: [Simtcl 6-17] Simulation restarted
run 10 us
run 10 us
run 10 us
ERROR: [Vivado 12-106] *** Exception: java.lang.NullPointerException (See D:/CPU/vivado_pid16524.debug)
restart
INFO: [Simtcl 6-17] Simulation restarted
restart
INFO: [Simtcl 6-17] Simulation restarted
run 100 ns
restart
INFO: [Simtcl 6-17] Simulation restarted
run 50 ns
run 50 ns
run 50 ns
run 50 ns
run 50 ns
run 50 ns
run 50 ns
restart
INFO: [Simtcl 6-17] Simulation restarted
run 50 ns
run 50 ns
run 50 ns
run 50 ns
run 50 ns
run 50 ns
run 50 ns
run 50 ns
run 50 ns
run 50 ns
run 50 ns
run 50 ns
run 50 ns
run 50 ns
close_sim
INFO: [Simtcl 6-16] Simulation closed
launch_simulation
INFO: [USF-XSim-27] Simulation object is 'sim_1'
INFO: [USF-XSim-37] Inspecting design source files for 'CPU_sim' in fileset 'sim_1'...
INFO: [USF-XSim-97] Finding global include files...
INFO: [USF-XSim-98] Fetching design files from 'sim_1'...
INFO: [USF-XSim-2] XSim::Compile design
INFO: [USF-XSim-61] Executing 'COMPILE' step in 'D:/CPU/CPU.sim/sim_1/behav'
"xvlog -m64 --relax -prj CPU_sim_vlog.prj"
INFO: [VRFC 10-2263] Analyzing Verilog file "D:/CPU/CPU.srcs/sources_1/new/RAM.v" into library xil_defaultlib
INFO: [VRFC 10-311] analyzing module RAM
INFO: [VRFC 10-2263] Analyzing Verilog file "D:/CPU/CPU.srcs/sources_1/new/Regfile.v" into library xil_defaultlib
INFO: [VRFC 10-311] analyzing module Regfile
INFO: [VRFC 10-2263] Analyzing Verilog file "D:/CPU/CPU.srcs/sources_1/new/PC.v" into library xil_defaultlib
INFO: [VRFC 10-311] analyzing module PC
INFO: [VRFC 10-2263] Analyzing Verilog file "D:/CPU/CPU.srcs/sources_1/new/NextPC.v" into library xil_defaultlib
INFO: [VRFC 10-311] analyzing module NextPC
INFO: [VRFC 10-2263] Analyzing Verilog file "D:/CPU/CPU.srcs/sources_1/new/InsMem.v" into library xil_defaultlib
INFO: [VRFC 10-311] analyzing module InsMem
INFO: [VRFC 10-2263] Analyzing Verilog file "D:/CPU/CPU.srcs/sources_1/new/Extend.v" into library xil_defaultlib
INFO: [VRFC 10-311] analyzing module Extend
INFO: [VRFC 10-2263] Analyzing Verilog file "D:/CPU/CPU.srcs/sources_1/new/ALU.v" into library xil_defaultlib
INFO: [VRFC 10-311] analyzing module ALU
INFO: [VRFC 10-2263] Analyzing Verilog file "D:/CPU/CPU.srcs/sources_1/new/CU.v" into library xil_defaultlib
INFO: [VRFC 10-311] analyzing module CU
INFO: [VRFC 10-2263] Analyzing Verilog file "D:/CPU/CPU.srcs/sources_1/new/CPU.v" into library xil_defaultlib
INFO: [VRFC 10-311] analyzing module CPU
INFO: [VRFC 10-2263] Analyzing Verilog file "D:/CPU/CPU.srcs/sources_1/new/CPU_sim.v" into library xil_defaultlib
INFO: [VRFC 10-311] analyzing module CPU_sim
INFO: [VRFC 10-2263] Analyzing Verilog file "D:/CPU/CPU.sim/sim_1/behav/glbl.v" into library xil_defaultlib
INFO: [VRFC 10-311] analyzing module glbl
INFO: [USF-XSim-3] XSim::Elaborate design
INFO: [USF-XSim-61] Executing 'ELABORATE' step in 'D:/CPU/CPU.sim/sim_1/behav'
Vivado Simulator 2015.2
Copyright 1986-1999, 2001-2015 Xilinx, Inc. All Rights Reserved.
Running: F:/Xilinx_Vivado_SDK_2015.2_0626_1/installed/Vivado/2015.2/bin/unwrapped/win64.o/xelab.exe -wto d73a359c4072432ea3aa0df8763a960b --debug typical --relax --mt 2 -L xil_defaultlib -L unisims_ver -L unimacro_ver -L secureip --snapshot CPU_sim_behav xil_defaultlib.CPU_sim xil_defaultlib.glbl -log elaborate.log 
Using 2 slave threads.
WARNING: [XSIM 43-3431] One or more environment variables have been detected which affect the operation of the C compiler. These are typically not set in standard installations and are not tested by Xilinx, however they may be appropriate for your system, so the flow will attempt to continue.  If errors occur, try running fuse with the "-mt off -v 1" switches to see more information from the C compiler. The following environment variables have been detected:
    C_INCLUDE_PATH
Starting static elaboration
Completed static elaboration
Starting simulation data flow analysis
Completed simulation data flow analysis
Time Resolution for simulation is 1ps
Compiling module xil_defaultlib.PC
Compiling module xil_defaultlib.InsMem
Compiling module xil_defaultlib.CU
Compiling module xil_defaultlib.Regfile
Compiling module xil_defaultlib.Extend
Compiling module xil_defaultlib.ALU
Compiling module xil_defaultlib.RAM
Compiling module xil_defaultlib.NextPC
Compiling module xil_defaultlib.CPU
Compiling module xil_defaultlib.CPU_sim
Compiling module xil_defaultlib.glbl
Waiting for 2 sub-compilation(s) to finish...
Built simulation snapshot CPU_sim_behav

****** Webtalk v2015.2 (64-bit)
  **** SW Build 1266856 on Fri Jun 26 16:35:25 MDT 2015
  **** IP Build 1264090 on Wed Jun 24 14:22:01 MDT 2015
    ** Copyright 1986-2015 Xilinx, Inc. All Rights Reserved.

source D:/CPU/CPU.sim/sim_1/behav/xsim.dir/CPU_sim_behav/webtalk/xsim_webtalk.tcl -notrace
INFO: [Common 17-186] 'D:/CPU/CPU.sim/sim_1/behav/xsim.dir/CPU_sim_behav/webtalk/usage_statistics_ext_xsim.xml' has been successfully sent to Xilinx on Fri Apr 28 08:40:01 2017. For additional details about this file, please refer to the WebTalk help file at F:/Xilinx_Vivado_SDK_2015.2_0626_1/installed/Vivado/2015.2/doc/webtalk_introduction.html.
INFO: [Common 17-206] Exiting Webtalk at Fri Apr 28 08:40:01 2017...
run_program: Time (s): cpu = 00:00:00 ; elapsed = 00:00:06 . Memory (MB): peak = 880.273 ; gain = 0.000
INFO: [USF-XSim-4] XSim::Simulate design
INFO: [USF-XSim-61] Executing 'SIMULATE' step in 'D:/CPU/CPU.sim/sim_1/behav'
INFO: [USF-XSim-98] *** Running xsim
   with args "CPU_sim_behav -key {Behavioral:sim_1:Functional:CPU_sim} -tclbatch {CPU_sim.tcl} -log {simulate.log}"
INFO: [USF-XSim-8] Loading simulator feature
Vivado Simulator 2015.2
Time resolution is 1 ps
source CPU_sim.tcl
# set curr_wave [current_wave_config]
# if { [string length $curr_wave] == 0 } {
#   if { [llength [get_objects]] > 0} {
#     add_wave /
#     set_property needs_save false [current_wave_config]
#   } else {
#      send_msg_id Add_Wave-1 WARNING "No top level signals found. Simulator will start without a wave window. If you want to open a wave window go to 'File->New Waveform Configuration' or type 'create_wave_config' in the TCL console."
#   }
# }
# run 1000ns
INFO: [USF-XSim-96] XSim completed. Design snapshot 'CPU_sim_behav' loaded.
INFO: [USF-XSim-97] XSim simulation ran for 1000ns
launch_simulation: Time (s): cpu = 00:00:02 ; elapsed = 00:00:09 . Memory (MB): peak = 880.281 ; gain = 0.008
restart
INFO: [Simtcl 6-17] Simulation restarted
run 50 ns
run 50 ns
run 50 ns
run 50 ns
run 50 ns
run 50 ns
run 50 ns
close_sim
INFO: [Simtcl 6-16] Simulation closed
close_sim: Time (s): cpu = 00:00:01 ; elapsed = 00:00:08 . Memory (MB): peak = 900.656 ; gain = 0.000
launch_simulation
INFO: [USF-XSim-27] Simulation object is 'sim_1'
INFO: [USF-XSim-37] Inspecting design source files for 'CPU_sim' in fileset 'sim_1'...
INFO: [USF-XSim-97] Finding global include files...
INFO: [USF-XSim-98] Fetching design files from 'sim_1'...
INFO: [USF-XSim-2] XSim::Compile design
INFO: [USF-XSim-61] Executing 'COMPILE' step in 'D:/CPU/CPU.sim/sim_1/behav'
"xvlog -m64 --relax -prj CPU_sim_vlog.prj"
INFO: [VRFC 10-2263] Analyzing Verilog file "D:/CPU/CPU.srcs/sources_1/new/RAM.v" into library xil_defaultlib
INFO: [VRFC 10-311] analyzing module RAM
INFO: [VRFC 10-2263] Analyzing Verilog file "D:/CPU/CPU.srcs/sources_1/new/Regfile.v" into library xil_defaultlib
INFO: [VRFC 10-311] analyzing module Regfile
INFO: [VRFC 10-2263] Analyzing Verilog file "D:/CPU/CPU.srcs/sources_1/new/PC.v" into library xil_defaultlib
INFO: [VRFC 10-311] analyzing module PC
INFO: [VRFC 10-2263] Analyzing Verilog file "D:/CPU/CPU.srcs/sources_1/new/NextPC.v" into library xil_defaultlib
INFO: [VRFC 10-311] analyzing module NextPC
INFO: [VRFC 10-2263] Analyzing Verilog file "D:/CPU/CPU.srcs/sources_1/new/InsMem.v" into library xil_defaultlib
INFO: [VRFC 10-311] analyzing module InsMem
INFO: [VRFC 10-2263] Analyzing Verilog file "D:/CPU/CPU.srcs/sources_1/new/Extend.v" into library xil_defaultlib
INFO: [VRFC 10-311] analyzing module Extend
INFO: [VRFC 10-2263] Analyzing Verilog file "D:/CPU/CPU.srcs/sources_1/new/ALU.v" into library xil_defaultlib
INFO: [VRFC 10-311] analyzing module ALU
INFO: [VRFC 10-2263] Analyzing Verilog file "D:/CPU/CPU.srcs/sources_1/new/CU.v" into library xil_defaultlib
INFO: [VRFC 10-311] analyzing module CU
INFO: [VRFC 10-2263] Analyzing Verilog file "D:/CPU/CPU.srcs/sources_1/new/CPU.v" into library xil_defaultlib
INFO: [VRFC 10-311] analyzing module CPU
INFO: [VRFC 10-2263] Analyzing Verilog file "D:/CPU/CPU.srcs/sources_1/new/CPU_sim.v" into library xil_defaultlib
INFO: [VRFC 10-311] analyzing module CPU_sim
INFO: [VRFC 10-2263] Analyzing Verilog file "D:/CPU/CPU.sim/sim_1/behav/glbl.v" into library xil_defaultlib
INFO: [VRFC 10-311] analyzing module glbl
INFO: [USF-XSim-3] XSim::Elaborate design
INFO: [USF-XSim-61] Executing 'ELABORATE' step in 'D:/CPU/CPU.sim/sim_1/behav'
Vivado Simulator 2015.2
Copyright 1986-1999, 2001-2015 Xilinx, Inc. All Rights Reserved.
Running: F:/Xilinx_Vivado_SDK_2015.2_0626_1/installed/Vivado/2015.2/bin/unwrapped/win64.o/xelab.exe -wto d73a359c4072432ea3aa0df8763a960b --debug typical --relax --mt 2 -L xil_defaultlib -L unisims_ver -L unimacro_ver -L secureip --snapshot CPU_sim_behav xil_defaultlib.CPU_sim xil_defaultlib.glbl -log elaborate.log 
Using 2 slave threads.
WARNING: [XSIM 43-3431] One or more environment variables have been detected which affect the operation of the C compiler. These are typically not set in standard installations and are not tested by Xilinx, however they may be appropriate for your system, so the flow will attempt to continue.  If errors occur, try running fuse with the "-mt off -v 1" switches to see more information from the C compiler. The following environment variables have been detected:
    C_INCLUDE_PATH
Starting static elaboration
Completed static elaboration
Starting simulation data flow analysis
Completed simulation data flow analysis
Time Resolution for simulation is 1ps
Compiling module xil_defaultlib.PC
Compiling module xil_defaultlib.InsMem
Compiling module xil_defaultlib.CU
Compiling module xil_defaultlib.Regfile
Compiling module xil_defaultlib.Extend
Compiling module xil_defaultlib.ALU
Compiling module xil_defaultlib.RAM
Compiling module xil_defaultlib.NextPC
Compiling module xil_defaultlib.CPU
Compiling module xil_defaultlib.CPU_sim
Compiling module xil_defaultlib.glbl
Waiting for 2 sub-compilation(s) to finish...
Built simulation snapshot CPU_sim_behav

****** Webtalk v2015.2 (64-bit)
  **** SW Build 1266856 on Fri Jun 26 16:35:25 MDT 2015
  **** IP Build 1264090 on Wed Jun 24 14:22:01 MDT 2015
    ** Copyright 1986-2015 Xilinx, Inc. All Rights Reserved.

source D:/CPU/CPU.sim/sim_1/behav/xsim.dir/CPU_sim_behav/webtalk/xsim_webtalk.tcl -notrace
INFO: [Common 17-186] 'D:/CPU/CPU.sim/sim_1/behav/xsim.dir/CPU_sim_behav/webtalk/usage_statistics_ext_xsim.xml' has been successfully sent to Xilinx on Fri Apr 28 09:57:47 2017. For additional details about this file, please refer to the WebTalk help file at F:/Xilinx_Vivado_SDK_2015.2_0626_1/installed/Vivado/2015.2/doc/webtalk_introduction.html.
INFO: [Common 17-206] Exiting Webtalk at Fri Apr 28 09:57:47 2017...
run_program: Time (s): cpu = 00:00:01 ; elapsed = 00:00:06 . Memory (MB): peak = 900.656 ; gain = 0.000
INFO: [USF-XSim-4] XSim::Simulate design
INFO: [USF-XSim-61] Executing 'SIMULATE' step in 'D:/CPU/CPU.sim/sim_1/behav'
INFO: [USF-XSim-98] *** Running xsim
   with args "CPU_sim_behav -key {Behavioral:sim_1:Functional:CPU_sim} -tclbatch {CPU_sim.tcl} -log {simulate.log}"
INFO: [USF-XSim-8] Loading simulator feature
Vivado Simulator 2015.2
Time resolution is 1 ps
source CPU_sim.tcl
# set curr_wave [current_wave_config]
# if { [string length $curr_wave] == 0 } {
#   if { [llength [get_objects]] > 0} {
#     add_wave /
#     set_property needs_save false [current_wave_config]
#   } else {
#      send_msg_id Add_Wave-1 WARNING "No top level signals found. Simulator will start without a wave window. If you want to open a wave window go to 'File->New Waveform Configuration' or type 'create_wave_config' in the TCL console."
#   }
# }
# run 1000ns
INFO: [USF-XSim-96] XSim completed. Design snapshot 'CPU_sim_behav' loaded.
INFO: [USF-XSim-97] XSim simulation ran for 1000ns
launch_simulation: Time (s): cpu = 00:00:02 ; elapsed = 00:00:10 . Memory (MB): peak = 900.656 ; gain = 0.000
restart
INFO: [Simtcl 6-17] Simulation restarted
run 50 ns
run 50 ns
run 50 ns
run 50 ns
run 50 ns
run 50 ns
run 50 ns
restart
INFO: [Simtcl 6-17] Simulation restarted
close_sim
INFO: [Simtcl 6-16] Simulation closed
close_sim: Time (s): cpu = 00:00:00 ; elapsed = 00:00:11 . Memory (MB): peak = 949.375 ; gain = 0.000
launch_simulation
INFO: [USF-XSim-27] Simulation object is 'sim_1'
INFO: [USF-XSim-37] Inspecting design source files for 'CPU_sim' in fileset 'sim_1'...
INFO: [USF-XSim-97] Finding global include files...
INFO: [USF-XSim-98] Fetching design files from 'sim_1'...
INFO: [USF-XSim-2] XSim::Compile design
INFO: [USF-XSim-61] Executing 'COMPILE' step in 'D:/CPU/CPU.sim/sim_1/behav'
"xvlog -m64 --relax -prj CPU_sim_vlog.prj"
INFO: [VRFC 10-2263] Analyzing Verilog file "D:/CPU/CPU.srcs/sources_1/new/RAM.v" into library xil_defaultlib
INFO: [VRFC 10-311] analyzing module RAM
INFO: [VRFC 10-2263] Analyzing Verilog file "D:/CPU/CPU.srcs/sources_1/new/Regfile.v" into library xil_defaultlib
INFO: [VRFC 10-311] analyzing module Regfile
INFO: [VRFC 10-2263] Analyzing Verilog file "D:/CPU/CPU.srcs/sources_1/new/PC.v" into library xil_defaultlib
INFO: [VRFC 10-311] analyzing module PC
INFO: [VRFC 10-2263] Analyzing Verilog file "D:/CPU/CPU.srcs/sources_1/new/NextPC.v" into library xil_defaultlib
INFO: [VRFC 10-311] analyzing module NextPC
INFO: [VRFC 10-2263] Analyzing Verilog file "D:/CPU/CPU.srcs/sources_1/new/InsMem.v" into library xil_defaultlib
INFO: [VRFC 10-311] analyzing module InsMem
INFO: [VRFC 10-2263] Analyzing Verilog file "D:/CPU/CPU.srcs/sources_1/new/Extend.v" into library xil_defaultlib
INFO: [VRFC 10-311] analyzing module Extend
INFO: [VRFC 10-2263] Analyzing Verilog file "D:/CPU/CPU.srcs/sources_1/new/ALU.v" into library xil_defaultlib
INFO: [VRFC 10-311] analyzing module ALU
INFO: [VRFC 10-2263] Analyzing Verilog file "D:/CPU/CPU.srcs/sources_1/new/CU.v" into library xil_defaultlib
INFO: [VRFC 10-311] analyzing module CU
INFO: [VRFC 10-2263] Analyzing Verilog file "D:/CPU/CPU.srcs/sources_1/new/CPU.v" into library xil_defaultlib
INFO: [VRFC 10-311] analyzing module CPU
INFO: [VRFC 10-2263] Analyzing Verilog file "D:/CPU/CPU.srcs/sources_1/new/CPU_sim.v" into library xil_defaultlib
INFO: [VRFC 10-311] analyzing module CPU_sim
INFO: [VRFC 10-2263] Analyzing Verilog file "D:/CPU/CPU.sim/sim_1/behav/glbl.v" into library xil_defaultlib
INFO: [VRFC 10-311] analyzing module glbl
INFO: [USF-XSim-3] XSim::Elaborate design
INFO: [USF-XSim-61] Executing 'ELABORATE' step in 'D:/CPU/CPU.sim/sim_1/behav'
Vivado Simulator 2015.2
Copyright 1986-1999, 2001-2015 Xilinx, Inc. All Rights Reserved.
Running: F:/Xilinx_Vivado_SDK_2015.2_0626_1/installed/Vivado/2015.2/bin/unwrapped/win64.o/xelab.exe -wto d73a359c4072432ea3aa0df8763a960b --debug typical --relax --mt 2 -L xil_defaultlib -L unisims_ver -L unimacro_ver -L secureip --snapshot CPU_sim_behav xil_defaultlib.CPU_sim xil_defaultlib.glbl -log elaborate.log 
Using 2 slave threads.
WARNING: [XSIM 43-3431] One or more environment variables have been detected which affect the operation of the C compiler. These are typically not set in standard installations and are not tested by Xilinx, however they may be appropriate for your system, so the flow will attempt to continue.  If errors occur, try running fuse with the "-mt off -v 1" switches to see more information from the C compiler. The following environment variables have been detected:
    C_INCLUDE_PATH
Starting static elaboration
Completed static elaboration
Starting simulation data flow analysis
Completed simulation data flow analysis
Time Resolution for simulation is 1ps
Compiling module xil_defaultlib.PC
Compiling module xil_defaultlib.InsMem
Compiling module xil_defaultlib.CU
Compiling module xil_defaultlib.Regfile
Compiling module xil_defaultlib.Extend
Compiling module xil_defaultlib.ALU
Compiling module xil_defaultlib.RAM
Compiling module xil_defaultlib.NextPC
Compiling module xil_defaultlib.CPU
Compiling module xil_defaultlib.CPU_sim
Compiling module xil_defaultlib.glbl
Waiting for 2 sub-compilation(s) to finish...
Built simulation snapshot CPU_sim_behav

****** Webtalk v2015.2 (64-bit)
  **** SW Build 1266856 on Fri Jun 26 16:35:25 MDT 2015
  **** IP Build 1264090 on Wed Jun 24 14:22:01 MDT 2015
    ** Copyright 1986-2015 Xilinx, Inc. All Rights Reserved.

source D:/CPU/CPU.sim/sim_1/behav/xsim.dir/CPU_sim_behav/webtalk/xsim_webtalk.tcl -notrace
INFO: [Common 17-186] 'D:/CPU/CPU.sim/sim_1/behav/xsim.dir/CPU_sim_behav/webtalk/usage_statistics_ext_xsim.xml' has been successfully sent to Xilinx on Fri Apr 28 17:10:42 2017. For additional details about this file, please refer to the WebTalk help file at F:/Xilinx_Vivado_SDK_2015.2_0626_1/installed/Vivado/2015.2/doc/webtalk_introduction.html.
INFO: [Common 17-206] Exiting Webtalk at Fri Apr 28 17:10:42 2017...
run_program: Time (s): cpu = 00:00:01 ; elapsed = 00:00:10 . Memory (MB): peak = 949.375 ; gain = 0.000
INFO: [USF-XSim-4] XSim::Simulate design
INFO: [USF-XSim-61] Executing 'SIMULATE' step in 'D:/CPU/CPU.sim/sim_1/behav'
INFO: [USF-XSim-98] *** Running xsim
   with args "CPU_sim_behav -key {Behavioral:sim_1:Functional:CPU_sim} -tclbatch {CPU_sim.tcl} -log {simulate.log}"
INFO: [USF-XSim-8] Loading simulator feature
Vivado Simulator 2015.2
Time resolution is 1 ps
source CPU_sim.tcl
# set curr_wave [current_wave_config]
# if { [string length $curr_wave] == 0 } {
#   if { [llength [get_objects]] > 0} {
#     add_wave /
#     set_property needs_save false [current_wave_config]
#   } else {
#      send_msg_id Add_Wave-1 WARNING "No top level signals found. Simulator will start without a wave window. If you want to open a wave window go to 'File->New Waveform Configuration' or type 'create_wave_config' in the TCL console."
#   }
# }
# run 1000ns
INFO: [USF-XSim-96] XSim completed. Design snapshot 'CPU_sim_behav' loaded.
INFO: [USF-XSim-97] XSim simulation ran for 1000ns
launch_simulation: Time (s): cpu = 00:00:01 ; elapsed = 00:00:14 . Memory (MB): peak = 949.375 ; gain = 0.000
restart
INFO: [Simtcl 6-17] Simulation restarted
run 10 ns
run 10 ns
run 10 ns
run 10 ns
run 10 ns
run 10 ns
run 10 ns
run 10 ns
run 10 ns
run 10 ns
run 10 ns
run 10 ns
run 10 ns
run 10 ns
run 10 ns
run 10 ns
run 10 ns
run 10 ns
run 10 ns
run 10 ns
run 10 ns
run 10 ns
run 10 ns
run 10 ns
run 10 ns
run 10 ns
run 10 ns
run 10 ns
run 10 ns
run 10 ns
run 10 ns
run 10 ns
run 10 ns
restart
INFO: [Simtcl 6-17] Simulation restarted
run 10 ns
run 10 ns
run 10 ns
run 10 ns
run 10 ns
run 10 ns
run 10 ns
run 10 ns
run 10 ns
run 10 ns
run 10 ns
run 10 ns
run 10 ns
run 10 ns
run 10 ns
run 10 ns
run 10 ns
run 10 ns
run 10 ns
run 10 ns
run 10 ns
run 10 ns
run 10 ns
run 10 ns
run 10 ns
run 10 ns
run 10 ns
run 10 ns
run 10 ns
run 10 ns
restart
INFO: [Simtcl 6-17] Simulation restarted
run 10 ns
run 10 ns
run 10 ns
run 10 ns
run 10 ns
run 10 ns
run 10 ns
run 10 ns
run 10 ns
run 10 ns
run 10 ns
run 10 ns
run 10 ns
run 10 ns
run 10 ns
run 10 ns
run 10 ns
run 10 ns
run 10 ns
run 10 ns
run 10 ns
run 10 ns
run 10 ns
run 10 ns
run 10 ns
run 10 ns
run 10 ns
run 10 ns
run 10 ns
run 10 ns
close_sim
INFO: [Simtcl 6-16] Simulation closed
launch_simulation
INFO: [USF-XSim-27] Simulation object is 'sim_1'
INFO: [USF-XSim-37] Inspecting design source files for 'CPU_sim' in fileset 'sim_1'...
INFO: [USF-XSim-97] Finding global include files...
INFO: [USF-XSim-98] Fetching design files from 'sim_1'...
INFO: [USF-XSim-2] XSim::Compile design
INFO: [USF-XSim-61] Executing 'COMPILE' step in 'D:/CPU/CPU.sim/sim_1/behav'
"xvlog -m64 --relax -prj CPU_sim_vlog.prj"
INFO: [VRFC 10-2263] Analyzing Verilog file "D:/CPU/CPU.srcs/sources_1/new/RAM.v" into library xil_defaultlib
INFO: [VRFC 10-311] analyzing module RAM
INFO: [VRFC 10-2263] Analyzing Verilog file "D:/CPU/CPU.srcs/sources_1/new/Regfile.v" into library xil_defaultlib
INFO: [VRFC 10-311] analyzing module Regfile
INFO: [VRFC 10-2263] Analyzing Verilog file "D:/CPU/CPU.srcs/sources_1/new/PC.v" into library xil_defaultlib
INFO: [VRFC 10-311] analyzing module PC
INFO: [VRFC 10-2263] Analyzing Verilog file "D:/CPU/CPU.srcs/sources_1/new/NextPC.v" into library xil_defaultlib
INFO: [VRFC 10-311] analyzing module NextPC
INFO: [VRFC 10-2263] Analyzing Verilog file "D:/CPU/CPU.srcs/sources_1/new/InsMem.v" into library xil_defaultlib
INFO: [VRFC 10-311] analyzing module InsMem
INFO: [VRFC 10-2263] Analyzing Verilog file "D:/CPU/CPU.srcs/sources_1/new/Extend.v" into library xil_defaultlib
INFO: [VRFC 10-311] analyzing module Extend
INFO: [VRFC 10-2263] Analyzing Verilog file "D:/CPU/CPU.srcs/sources_1/new/ALU.v" into library xil_defaultlib
INFO: [VRFC 10-311] analyzing module ALU
INFO: [VRFC 10-2263] Analyzing Verilog file "D:/CPU/CPU.srcs/sources_1/new/CU.v" into library xil_defaultlib
INFO: [VRFC 10-311] analyzing module CU
INFO: [VRFC 10-2263] Analyzing Verilog file "D:/CPU/CPU.srcs/sources_1/new/CPU.v" into library xil_defaultlib
INFO: [VRFC 10-311] analyzing module CPU
INFO: [VRFC 10-2263] Analyzing Verilog file "D:/CPU/CPU.srcs/sources_1/new/CPU_sim.v" into library xil_defaultlib
INFO: [VRFC 10-311] analyzing module CPU_sim
INFO: [VRFC 10-2263] Analyzing Verilog file "D:/CPU/CPU.sim/sim_1/behav/glbl.v" into library xil_defaultlib
INFO: [VRFC 10-311] analyzing module glbl
INFO: [USF-XSim-3] XSim::Elaborate design
INFO: [USF-XSim-61] Executing 'ELABORATE' step in 'D:/CPU/CPU.sim/sim_1/behav'
Vivado Simulator 2015.2
Copyright 1986-1999, 2001-2015 Xilinx, Inc. All Rights Reserved.
Running: F:/Xilinx_Vivado_SDK_2015.2_0626_1/installed/Vivado/2015.2/bin/unwrapped/win64.o/xelab.exe -wto d73a359c4072432ea3aa0df8763a960b --debug typical --relax --mt 2 -L xil_defaultlib -L unisims_ver -L unimacro_ver -L secureip --snapshot CPU_sim_behav xil_defaultlib.CPU_sim xil_defaultlib.glbl -log elaborate.log 
Using 2 slave threads.
WARNING: [XSIM 43-3431] One or more environment variables have been detected which affect the operation of the C compiler. These are typically not set in standard installations and are not tested by Xilinx, however they may be appropriate for your system, so the flow will attempt to continue.  If errors occur, try running fuse with the "-mt off -v 1" switches to see more information from the C compiler. The following environment variables have been detected:
    C_INCLUDE_PATH
Starting static elaboration
Completed static elaboration
Starting simulation data flow analysis
Completed simulation data flow analysis
Time Resolution for simulation is 1ps
Compiling module xil_defaultlib.PC
Compiling module xil_defaultlib.InsMem
Compiling module xil_defaultlib.CU
Compiling module xil_defaultlib.Regfile
Compiling module xil_defaultlib.Extend
Compiling module xil_defaultlib.ALU
Compiling module xil_defaultlib.RAM
Compiling module xil_defaultlib.NextPC
Compiling module xil_defaultlib.CPU
Compiling module xil_defaultlib.CPU_sim
Compiling module xil_defaultlib.glbl
Waiting for 2 sub-compilation(s) to finish...
Built simulation snapshot CPU_sim_behav

****** Webtalk v2015.2 (64-bit)
  **** SW Build 1266856 on Fri Jun 26 16:35:25 MDT 2015
  **** IP Build 1264090 on Wed Jun 24 14:22:01 MDT 2015
    ** Copyright 1986-2015 Xilinx, Inc. All Rights Reserved.

source D:/CPU/CPU.sim/sim_1/behav/xsim.dir/CPU_sim_behav/webtalk/xsim_webtalk.tcl -notrace

    while executing
"webtalk_transmit -clientid 41399875 -regid "210766071_0_0_148" -xml D:/CPU/CPU.sim/sim_1/behav/xsim.dir/CPU_sim_behav/webtalk/usage_statistics_ext_xsi..."
    (file "D:/CPU/CPU.sim/sim_1/behav/xsim.dir/CPU_sim_behav/webtalk/xsim_webtalk.tcl" line 41)
INFO: [Common 17-206] Exiting Webtalk at Fri Apr 28 17:42:16 2017...
INFO: [USF-XSim-4] XSim::Simulate design
INFO: [USF-XSim-61] Executing 'SIMULATE' step in 'D:/CPU/CPU.sim/sim_1/behav'
INFO: [USF-XSim-98] *** Running xsim
   with args "CPU_sim_behav -key {Behavioral:sim_1:Functional:CPU_sim} -tclbatch {CPU_sim.tcl} -log {simulate.log}"
INFO: [USF-XSim-8] Loading simulator feature
Vivado Simulator 2015.2
Time resolution is 1 ps
source CPU_sim.tcl
# set curr_wave [current_wave_config]
# if { [string length $curr_wave] == 0 } {
#   if { [llength [get_objects]] > 0} {
#     add_wave /
#     set_property needs_save false [current_wave_config]
#   } else {
#      send_msg_id Add_Wave-1 WARNING "No top level signals found. Simulator will start without a wave window. If you want to open a wave window go to 'File->New Waveform Configuration' or type 'create_wave_config' in the TCL console."
#   }
# }
# run 1000ns
INFO: [USF-XSim-96] XSim completed. Design snapshot 'CPU_sim_behav' loaded.
INFO: [USF-XSim-97] XSim simulation ran for 1000ns
launch_simulation: Time (s): cpu = 00:00:02 ; elapsed = 00:00:07 . Memory (MB): peak = 1036.270 ; gain = 0.000
restart
INFO: [Simtcl 6-17] Simulation restarted
run 10 ns
run 10 ns
run 10 ns
run 10 ns
run 10 ns
run 10 ns
run 10 ns
run 10 ns
run 10 ns
run 10 ns
run 10 ns
run 10 ns
run 10 ns
run 10 ns
run 10 ns
run 10 ns
run 10 ns
run 10 ns
run 10 ns
run 10 ns
run 10 ns
run 10 ns
run 10 ns
run 10 ns
run 10 ns
run 10 ns
run 10 ns
run 10 ns
run 10 ns
run 10 ns
restart
INFO: [Simtcl 6-17] Simulation restarted
run 10 ns
run 10 ns
run 10 ns
run 10 ns
run 10 ns
run 10 ns
run 10 ns
run 10 ns
run 10 ns
run 10 ns
run 10 ns
run 10 ns
run 10 ns
run 10 ns
run 10 ns
run 10 ns
run 10 ns
run 10 ns
run 10 ns
run 10 ns
run 10 ns
run 10 ns
run 10 ns
run 10 ns
run 10 ns
run 10 ns
run 10 ns
run 10 ns
run 10 ns
run 10 ns
close_sim
INFO: [Simtcl 6-16] Simulation closed
launch_simulation
INFO: [USF-XSim-27] Simulation object is 'sim_1'
INFO: [USF-XSim-37] Inspecting design source files for 'CPU_sim' in fileset 'sim_1'...
INFO: [USF-XSim-97] Finding global include files...
INFO: [USF-XSim-98] Fetching design files from 'sim_1'...
INFO: [USF-XSim-2] XSim::Compile design
INFO: [USF-XSim-61] Executing 'COMPILE' step in 'D:/CPU/CPU.sim/sim_1/behav'
"xvlog -m64 --relax -prj CPU_sim_vlog.prj"
INFO: [VRFC 10-2263] Analyzing Verilog file "D:/CPU/CPU.srcs/sources_1/new/RAM.v" into library xil_defaultlib
INFO: [VRFC 10-311] analyzing module RAM
INFO: [VRFC 10-2263] Analyzing Verilog file "D:/CPU/CPU.srcs/sources_1/new/Regfile.v" into library xil_defaultlib
INFO: [VRFC 10-311] analyzing module Regfile
INFO: [VRFC 10-2263] Analyzing Verilog file "D:/CPU/CPU.srcs/sources_1/new/PC.v" into library xil_defaultlib
INFO: [VRFC 10-311] analyzing module PC
INFO: [VRFC 10-2263] Analyzing Verilog file "D:/CPU/CPU.srcs/sources_1/new/NextPC.v" into library xil_defaultlib
INFO: [VRFC 10-311] analyzing module NextPC
INFO: [VRFC 10-2263] Analyzing Verilog file "D:/CPU/CPU.srcs/sources_1/new/InsMem.v" into library xil_defaultlib
INFO: [VRFC 10-311] analyzing module InsMem
INFO: [VRFC 10-2263] Analyzing Verilog file "D:/CPU/CPU.srcs/sources_1/new/Extend.v" into library xil_defaultlib
INFO: [VRFC 10-311] analyzing module Extend
INFO: [VRFC 10-2263] Analyzing Verilog file "D:/CPU/CPU.srcs/sources_1/new/ALU.v" into library xil_defaultlib
INFO: [VRFC 10-311] analyzing module ALU
INFO: [VRFC 10-2263] Analyzing Verilog file "D:/CPU/CPU.srcs/sources_1/new/CU.v" into library xil_defaultlib
INFO: [VRFC 10-311] analyzing module CU
INFO: [VRFC 10-2263] Analyzing Verilog file "D:/CPU/CPU.srcs/sources_1/new/CPU.v" into library xil_defaultlib
INFO: [VRFC 10-311] analyzing module CPU
INFO: [VRFC 10-2263] Analyzing Verilog file "D:/CPU/CPU.srcs/sources_1/new/CPU_sim.v" into library xil_defaultlib
INFO: [VRFC 10-311] analyzing module CPU_sim
INFO: [VRFC 10-2263] Analyzing Verilog file "D:/CPU/CPU.sim/sim_1/behav/glbl.v" into library xil_defaultlib
INFO: [VRFC 10-311] analyzing module glbl
INFO: [USF-XSim-3] XSim::Elaborate design
INFO: [USF-XSim-61] Executing 'ELABORATE' step in 'D:/CPU/CPU.sim/sim_1/behav'
Vivado Simulator 2015.2
Copyright 1986-1999, 2001-2015 Xilinx, Inc. All Rights Reserved.
Running: F:/Xilinx_Vivado_SDK_2015.2_0626_1/installed/Vivado/2015.2/bin/unwrapped/win64.o/xelab.exe -wto d73a359c4072432ea3aa0df8763a960b --debug typical --relax --mt 2 -L xil_defaultlib -L unisims_ver -L unimacro_ver -L secureip --snapshot CPU_sim_behav xil_defaultlib.CPU_sim xil_defaultlib.glbl -log elaborate.log 
Using 2 slave threads.
WARNING: [XSIM 43-3431] One or more environment variables have been detected which affect the operation of the C compiler. These are typically not set in standard installations and are not tested by Xilinx, however they may be appropriate for your system, so the flow will attempt to continue.  If errors occur, try running fuse with the "-mt off -v 1" switches to see more information from the C compiler. The following environment variables have been detected:
    C_INCLUDE_PATH
Starting static elaboration
Completed static elaboration
Starting simulation data flow analysis
Completed simulation data flow analysis
Time Resolution for simulation is 1ps
Compiling module xil_defaultlib.PC
Compiling module xil_defaultlib.InsMem
Compiling module xil_defaultlib.CU
Compiling module xil_defaultlib.Regfile
Compiling module xil_defaultlib.Extend
Compiling module xil_defaultlib.ALU
Compiling module xil_defaultlib.RAM
Compiling module xil_defaultlib.NextPC
Compiling module xil_defaultlib.CPU
Compiling module xil_defaultlib.CPU_sim
Compiling module xil_defaultlib.glbl
Waiting for 2 sub-compilation(s) to finish...
Built simulation snapshot CPU_sim_behav

****** Webtalk v2015.2 (64-bit)
  **** SW Build 1266856 on Fri Jun 26 16:35:25 MDT 2015
  **** IP Build 1264090 on Wed Jun 24 14:22:01 MDT 2015
    ** Copyright 1986-2015 Xilinx, Inc. All Rights Reserved.

source D:/CPU/CPU.sim/sim_1/behav/xsim.dir/CPU_sim_behav/webtalk/xsim_webtalk.tcl -notrace

    while executing
"webtalk_transmit -clientid 463077769 -regid "210766071_0_0_148" -xml D:/CPU/CPU.sim/sim_1/behav/xsim.dir/CPU_sim_behav/webtalk/usage_statistics_ext_xs..."
    (file "D:/CPU/CPU.sim/sim_1/behav/xsim.dir/CPU_sim_behav/webtalk/xsim_webtalk.tcl" line 41)
INFO: [Common 17-206] Exiting Webtalk at Fri Apr 28 17:50:42 2017...
INFO: [USF-XSim-4] XSim::Simulate design
INFO: [USF-XSim-61] Executing 'SIMULATE' step in 'D:/CPU/CPU.sim/sim_1/behav'
INFO: [USF-XSim-98] *** Running xsim
   with args "CPU_sim_behav -key {Behavioral:sim_1:Functional:CPU_sim} -tclbatch {CPU_sim.tcl} -log {simulate.log}"
INFO: [USF-XSim-8] Loading simulator feature
Vivado Simulator 2015.2
Time resolution is 1 ps
source CPU_sim.tcl
# set curr_wave [current_wave_config]
# if { [string length $curr_wave] == 0 } {
#   if { [llength [get_objects]] > 0} {
#     add_wave /
#     set_property needs_save false [current_wave_config]
#   } else {
#      send_msg_id Add_Wave-1 WARNING "No top level signals found. Simulator will start without a wave window. If you want to open a wave window go to 'File->New Waveform Configuration' or type 'create_wave_config' in the TCL console."
#   }
# }
# run 1000ns
INFO: [USF-XSim-96] XSim completed. Design snapshot 'CPU_sim_behav' loaded.
INFO: [USF-XSim-97] XSim simulation ran for 1000ns
launch_simulation: Time (s): cpu = 00:00:02 ; elapsed = 00:00:07 . Memory (MB): peak = 1036.270 ; gain = 0.000
restart
INFO: [Simtcl 6-17] Simulation restarted
run 10 ns
run 10 ns
run 10 ns
run 10 ns
run 10 ns
run 10 ns
run 10 ns
run 10 ns
run 10 ns
run 10 ns
run 10 ns
run 10 ns
run 10 ns
run 10 ns
run 10 ns
run 10 ns
run 10 ns
run 10 ns
run 10 ns
run 10 ns
run 10 ns
run 10 ns
run 10 ns
run 10 ns
run 10 ns
run 10 ns
run 10 ns
run 10 ns
run 10 ns
run 10 ns
run 10 ns
run 10 ns
run 10 ns
run 10 ns
run 10 ns
close_sim
INFO: [Simtcl 6-16] Simulation closed
exit
INFO: [Common 17-206] Exiting Vivado at Fri Apr 28 18:12:23 2017...
