INFO: [VRFC 10-2263] Analyzing Verilog file "D:/大二下/计组实验/单周期CPU/CPU/CPU.srcs/sources_1/new/RAM.v" into library xil_defaultlib
INFO: [VRFC 10-311] analyzing module RAM
INFO: [VRFC 10-2263] Analyzing Verilog file "D:/大二下/计组实验/单周期CPU/CPU/CPU.srcs/sources_1/new/Regfile.v" into library xil_defaultlib
INFO: [VRFC 10-311] analyzing module Regfile
INFO: [VRFC 10-2263] Analyzing Verilog file "D:/大二下/计组实验/单周期CPU/CPU/CPU.srcs/sources_1/new/PC.v" into library xil_defaultlib
INFO: [VRFC 10-311] analyzing module PC
INFO: [VRFC 10-2263] Analyzing Verilog file "D:/大二下/计组实验/单周期CPU/CPU/CPU.srcs/sources_1/new/NextPC.v" into library xil_defaultlib
INFO: [VRFC 10-311] analyzing module NextPC
INFO: [VRFC 10-2263] Analyzing Verilog file "D:/大二下/计组实验/单周期CPU/CPU/CPU.srcs/sources_1/new/InsMem.v" into library xil_defaultlib
INFO: [VRFC 10-311] analyzing module InsMem
INFO: [VRFC 10-2263] Analyzing Verilog file "D:/大二下/计组实验/单周期CPU/CPU/CPU.srcs/sources_1/new/Extend.v" into library xil_defaultlib
INFO: [VRFC 10-311] analyzing module Extend
INFO: [VRFC 10-2263] Analyzing Verilog file "D:/大二下/计组实验/单周期CPU/CPU/CPU.srcs/sources_1/new/ALU.v" into library xil_defaultlib
INFO: [VRFC 10-311] analyzing module ALU
INFO: [VRFC 10-2263] Analyzing Verilog file "D:/大二下/计组实验/单周期CPU/CPU/CPU.srcs/sources_1/new/CU.v" into library xil_defaultlib
INFO: [VRFC 10-311] analyzing module CU
INFO: [VRFC 10-2263] Analyzing Verilog file "D:/大二下/计组实验/单周期CPU/CPU/CPU.srcs/sources_1/new/CPU.v" into library xil_defaultlib
INFO: [VRFC 10-311] analyzing module CPU
INFO: [VRFC 10-2263] Analyzing Verilog file "D:/大二下/计组实验/单周期CPU/CPU/CPU.srcs/sources_1/new/CPU_sim.v" into library xil_defaultlib
INFO: [VRFC 10-311] analyzing module CPU_sim
INFO: [VRFC 10-2263] Analyzing Verilog file "D:/大二下/计组实验/单周期CPU/CPU/CPU.sim/sim_1/behav/glbl.v" into library xil_defaultlib
INFO: [VRFC 10-311] analyzing module glbl
